<!DOCTYPE html PUBLIC "-//W3C//DTD XHTML 1.1//EN" "http://www.w3.org/TR/xhtml11/DTD/xhtml11.dtd">
<html xmlns="http://www.w3.org/1999/xhtml">
<head>
<meta http-equiv="content-type" content="text/html; charset=UTF-8"/>
<title>TestNG Report</title>
<style type="text/css">table {margin-bottom:10px;border-collapse:collapse;empty-cells:show}th,td {border:1px solid #009;padding:.25em .5em}th {vertical-align:bottom}td {vertical-align:top}table a {font-weight:bold}.stripe td {background-color: #E6EBF9}.num {text-align:right}.passedodd td {background-color: #3F3}.passedeven td {background-color: #0A0}.skippedodd td {background-color: #DDD}.skippedeven td {background-color: #CCC}.failedodd td,.attn {background-color: #F33}.failedeven td,.stripe .attn {background-color: #D00}.stacktrace {white-space:pre;font-family:monospace}.totop {font-size:85%;text-align:center;border-bottom:2px solid #000}.invisible {display:none}</style>
</head>
<body>
<table>
<tr><th>Test</th><th># Passed</th><th># Skipped</th><th># Failed</th><th>Time (ms)</th><th>Included Groups</th><th>Excluded Groups</th></tr>
<tr><th colspan="7">TestSuite</th></tr>
<tr><td><a href="#t0">Smoke Suite</a></td><td class="num">19</td><td class="num">0</td><td class="num attn">8</td><td class="num">1,896,813</td><td></td><td></td></tr>
</table>
<table id='summary'><thead><tr><th>Class</th><th>Method</th><th>Start</th><th>Time (ms)</th></tr></thead><tbody><tr><th colspan="4">TestSuite</th></tr></tbody><tbody id="t0"><tr><th colspan="4">Smoke Suite &#8212; failed</th></tr><tr class="failedeven"><td rowspan="8">testmethods.QuickOrderPadModuleTest</td><td><a href="#m0">speedEntryAddToCart_BulkOption_SelectAll</a></td><td rowspan="1">1666858400570</td><td rowspan="1">112571</td></tr><tr class="failedeven"><td><a href="#m1">speedEntryAddToCart_BulkOption_SpecificItem</a></td><td rowspan="1">1666858513154</td><td rowspan="1">81857</td></tr><tr class="failedeven"><td><a href="#m2">speedEntryAddToCart_BulkOption_UpdateQty</a></td><td rowspan="1">1666858595022</td><td rowspan="1">83865</td></tr><tr class="failedeven"><td><a href="#m3">speedEntryAddToCart_Combine</a></td><td rowspan="1">1666858678924</td><td rowspan="1">53500</td></tr><tr class="failedeven"><td><a href="#m4">speedEntryAddToPG_BulkOption_SelectAll</a></td><td rowspan="1">1666859039025</td><td rowspan="1">115325</td></tr><tr class="failedeven"><td><a href="#m5">speedEntryAddToPG_BulkOption_SpecificItem</a></td><td rowspan="1">1666859154361</td><td rowspan="1">97564</td></tr><tr class="failedeven"><td><a href="#m6">speedEntryAddToPG_BulkOption_UpdateQty</a></td><td rowspan="1">1666859251934</td><td rowspan="1">97355</td></tr><tr class="failedeven"><td><a href="#m7">verifyFileUploadAddToCart_Seperate</a></td><td rowspan="1">1666859575342</td><td rowspan="1">61076</td></tr><tr><th colspan="4">Smoke Suite &#8212; passed</th></tr><tr class="passedeven"><td rowspan="19">testmethods.QuickOrderPadModuleTest</td><td><a href="#m8">copyPasteAddToCart</a></td><td rowspan="1">1666857840321</td><td rowspan="1">133720</td></tr><tr class="passedeven"><td><a href="#m9">copyPasteAddToCart_Combine</a></td><td rowspan="1">1666857974197</td><td rowspan="1">58371</td></tr><tr class="passedeven"><td><a href="#m10">copyPasteAddToCart_MoreThan40Rows</a></td><td rowspan="1">1666858032576</td><td rowspan="1">53792</td></tr><tr class="passedeven"><td><a href="#m11">copyPasteAddToCart_Remove</a></td><td rowspan="1">1666858086375</td><td rowspan="1">122288</td></tr><tr class="passedeven"><td><a href="#m12">copyPasteAddToCart_Seperate</a></td><td rowspan="1">1666858208670</td><td rowspan="1">132631</td></tr><tr class="passedeven"><td><a href="#m13">speedEntryAddToCart</a></td><td rowspan="1">1666858341307</td><td rowspan="1">59256</td></tr><tr class="passedeven"><td><a href="#m14">speedEntryAddToCart_InvalidQty</a></td><td rowspan="1">1666858732505</td><td rowspan="1">24967</td></tr><tr class="passedeven"><td><a href="#m15">speedEntryAddToCart_Remove</a></td><td rowspan="1">1666858757485</td><td rowspan="1">124814</td></tr><tr class="passedeven"><td><a href="#m16">speedEntryAddToCart_SearchText</a></td><td rowspan="1">1666858882306</td><td rowspan="1">34920</td></tr><tr class="passedeven"><td><a href="#m17">speedEntryAddToCart_Seperate</a></td><td rowspan="1">1666858917296</td><td rowspan="1">74519</td></tr><tr class="passedeven"><td><a href="#m18">speedEntryAddToCart_UndoRedo</a></td><td rowspan="1">1666858991824</td><td rowspan="1">47194</td></tr><tr class="passedeven"><td><a href="#m19">verifyCopyPasteTab</a></td><td rowspan="1">1666859349298</td><td rowspan="1">13474</td></tr><tr class="passedeven"><td><a href="#m20">verifyCopyPasteTab_AlertMsgBlankText</a></td><td rowspan="1">1666859362778</td><td rowspan="1">25061</td></tr><tr class="passedeven"><td><a href="#m21">verifyFileUploadAddToCart</a></td><td rowspan="1">1666859387844</td><td rowspan="1">56243</td></tr><tr class="passedeven"><td><a href="#m22">verifyFileUploadAddToCart_Combine</a></td><td rowspan="1">1666859444093</td><td rowspan="1">56382</td></tr><tr class="passedeven"><td><a href="#m23">verifyFileUploadAddToCart_MoreThan40Rows</a></td><td rowspan="1">1666859500482</td><td rowspan="1">22953</td></tr><tr class="passedeven"><td><a href="#m24">verifyFileUploadAddToCart_Remove</a></td><td rowspan="1">1666859523440</td><td rowspan="1">51889</td></tr><tr class="passedeven"><td><a href="#m25">verifyFileUploadTab</a></td><td rowspan="1">1666859636427</td><td rowspan="1">12962</td></tr><tr class="passedeven"><td><a href="#m26">verifyQuickOrderLandingPage</a></td><td rowspan="1">1666859649396</td><td rowspan="1">25234</td></tr></tbody>
</table>
<h2>Smoke Suite</h2><h3 id="m0">testmethods.QuickOrderPadModuleTest#speedEntryAddToCart_BulkOption_SelectAll</h3><table class="result"><tr><th>Exception</th></tr><tr><td><div class="stacktrace">java.lang.AssertionError: speedEntryAddToCart_BulkOption_SelectAll-Failed Expected condition failed: waiting for visibility of Proxy element for: DefaultElementLocator &apos;By.xpath: //input[@data-selectall=&apos;CheckBox&apos;]/..&apos; (tried for 15 second(s) with 500 milliseconds interval)
	at testmethods.QuickOrderPadModuleTest.speedEntryAddToCart_BulkOption_SelectAll(QuickOrderPadModuleTest.java:437)
	at java.base/java.util.concurrent.ThreadPoolExecutor.runWorker(ThreadPoolExecutor.java:1136)
	at java.base/java.util.concurrent.ThreadPoolExecutor$Worker.run(ThreadPoolExecutor.java:635)
	at java.base/java.lang.Thread.run(Thread.java:833)
... Removed 11 stack frames</div></td></tr></table><p class="totop"><a href="#summary">back to summary</a></p>
<h3 id="m1">testmethods.QuickOrderPadModuleTest#speedEntryAddToCart_BulkOption_SpecificItem</h3><table class="result"><tr><th>Exception</th></tr><tr><td><div class="stacktrace">java.lang.AssertionError: speedEntryAddToCart_BulkOption_SpecificItem-Failed Index 0 out of bounds for length 0
	at testmethods.QuickOrderPadModuleTest.speedEntryAddToCart_BulkOption_SpecificItem(QuickOrderPadModuleTest.java:565)
	at java.base/java.util.concurrent.ThreadPoolExecutor.runWorker(ThreadPoolExecutor.java:1136)
	at java.base/java.util.concurrent.ThreadPoolExecutor$Worker.run(ThreadPoolExecutor.java:635)
	at java.base/java.lang.Thread.run(Thread.java:833)
... Removed 11 stack frames</div></td></tr></table><p class="totop"><a href="#summary">back to summary</a></p>
<h3 id="m2">testmethods.QuickOrderPadModuleTest#speedEntryAddToCart_BulkOption_UpdateQty</h3><table class="result"><tr><th>Exception</th></tr><tr><td><div class="stacktrace">java.lang.AssertionError: speedEntryAddToCart_BulkOption_UpdateQty-Failed Index 0 out of bounds for length 0
	at testmethods.QuickOrderPadModuleTest.speedEntryAddToCart_BulkOption_UpdateQty(QuickOrderPadModuleTest.java:474)
	at java.base/java.util.concurrent.ThreadPoolExecutor.runWorker(ThreadPoolExecutor.java:1136)
	at java.base/java.util.concurrent.ThreadPoolExecutor$Worker.run(ThreadPoolExecutor.java:635)
	at java.base/java.lang.Thread.run(Thread.java:833)
... Removed 11 stack frames</div></td></tr></table><p class="totop"><a href="#summary">back to summary</a></p>
<h3 id="m3">testmethods.QuickOrderPadModuleTest#speedEntryAddToCart_Combine</h3><table class="result"><tr><th>Exception</th></tr><tr><td><div class="stacktrace">java.lang.AssertionError: speedEntryAddToCart_Combine-Failed Items are not displayed under added to cart section expected [true] but found [false]
	at testmethods.QuickOrderPadModuleTest.speedEntryAddToCart_Combine(QuickOrderPadModuleTest.java:253)
	at java.base/java.util.concurrent.ThreadPoolExecutor.runWorker(ThreadPoolExecutor.java:1136)
	at java.base/java.util.concurrent.ThreadPoolExecutor$Worker.run(ThreadPoolExecutor.java:635)
	at java.base/java.lang.Thread.run(Thread.java:833)
... Removed 11 stack frames</div></td></tr></table><p class="totop"><a href="#summary">back to summary</a></p>
<h3 id="m4">testmethods.QuickOrderPadModuleTest#speedEntryAddToPG_BulkOption_SelectAll</h3><table class="result"><tr><th>Exception</th></tr><tr><td><div class="stacktrace">org.openqa.selenium.NoSuchElementException: no such element: Unable to locate element: {&quot;method&quot;:&quot;xpath&quot;,&quot;selector&quot;:&quot;//a[contains(text(),&apos;TestGroup1&apos;)]/ancestor::td[@data-th=&apos;Group Name&apos;]/following-sibling::td[@data-th=&apos;Action&apos;]//button[@data-original-title=&apos;Delete Group&apos;]&quot;}
  (Session info: chrome=106.0.5249.119)
For documentation on this error, please visit: http://seleniumhq.org/exceptions/no_such_element.html
Build info: version: &apos;3.14.0&apos;, revision: &apos;aacccce0&apos;, time: &apos;2018-08-02T20:19:58.91Z&apos;
System info: host: &apos;USL-57R6042&apos;, ip: &apos;10.16.0.2&apos;, os.name: &apos;Windows 10&apos;, os.arch: &apos;amd64&apos;, os.version: &apos;10.0&apos;, java.version: &apos;17.0.1&apos;
Driver info: org.openqa.selenium.remote.RemoteWebDriver
Capabilities {acceptInsecureCerts: false, browserName: chrome, browserVersion: 106.0.5249.119, chrome: {chromedriverVersion: 105.0.5195.52 (412c95e51883..., userDataDir: C:\Users\niranjan.ms\AppDat...}, goog:chromeOptions: {debuggerAddress: localhost:50066}, javascriptEnabled: true, networkConnectionEnabled: false, pageLoadStrategy: normal, platform: WINDOWS, platformName: WINDOWS, proxy: Proxy(), setWindowRect: true, strictFileInteractability: false, timeouts: {implicit: 0, pageLoad: 300000, script: 30000}, unhandledPromptBehavior: dismiss and notify, webauthn:extension:credBlob: true, webauthn:extension:largeBlob: true, webauthn:virtualAuthenticators: true, webdriver.remote.sessionid: 9be311b09a11f9b09ea5fd82ce6...}
Session ID: 9be311b09a11f9b09ea5fd82ce62d432
*** Element info: {Using=xpath, value=//a[contains(text(),&apos;TestGroup1&apos;)]/ancestor::td[@data-th=&apos;Group Name&apos;]/following-sibling::td[@data-th=&apos;Action&apos;]//button[@data-original-title=&apos;Delete Group&apos;]}
	at org.openqa.selenium.remote.http.W3CHttpResponseCodec.createException(W3CHttpResponseCodec.java:187)
	at org.openqa.selenium.remote.http.W3CHttpResponseCodec.decode(W3CHttpResponseCodec.java:122)
	at org.openqa.selenium.remote.http.W3CHttpResponseCodec.decode(W3CHttpResponseCodec.java:49)
	at org.openqa.selenium.remote.HttpCommandExecutor.execute(HttpCommandExecutor.java:158)
	at org.openqa.selenium.remote.RemoteWebDriver.execute(RemoteWebDriver.java:548)
	at org.openqa.selenium.remote.RemoteWebDriver.findElement(RemoteWebDriver.java:322)
	at org.openqa.selenium.remote.RemoteWebDriver.findElementByXPath(RemoteWebDriver.java:424)
	at org.openqa.selenium.By$ByXPath.findElement(By.java:353)
	at org.openqa.selenium.remote.RemoteWebDriver.findElement(RemoteWebDriver.java:314)
	at pageobjects.MyProductGroupsPageObjects.deleteProductGroup(MyProductGroupsPageObjects.java:858)
	at testmethods.ProductGroupModuleTest.deleteProductGroup(ProductGroupModuleTest.java:36)
	at testmethods.QuickOrderPadModuleTest.speedEntryAddToPG_BulkOption_SelectAll(QuickOrderPadModuleTest.java:526)
	at java.base/java.util.concurrent.ThreadPoolExecutor.runWorker(ThreadPoolExecutor.java:1136)
	at java.base/java.util.concurrent.ThreadPoolExecutor$Worker.run(ThreadPoolExecutor.java:635)
	at java.base/java.lang.Thread.run(Thread.java:833)
... Removed 15 stack frames</div></td></tr></table><p class="totop"><a href="#summary">back to summary</a></p>
<h3 id="m5">testmethods.QuickOrderPadModuleTest#speedEntryAddToPG_BulkOption_SpecificItem</h3><table class="result"><tr><th>Exception</th></tr><tr><td><div class="stacktrace">org.openqa.selenium.NoSuchElementException: no such element: Unable to locate element: {&quot;method&quot;:&quot;xpath&quot;,&quot;selector&quot;:&quot;//a[contains(text(),&apos;TestProductGroup101&apos;)]/ancestor::td[@data-th=&apos;Group Name&apos;]/following-sibling::td[@data-th=&apos;Action&apos;]//button[@data-original-title=&apos;Delete Group&apos;]&quot;}
  (Session info: chrome=106.0.5249.119)
For documentation on this error, please visit: http://seleniumhq.org/exceptions/no_such_element.html
Build info: version: &apos;3.14.0&apos;, revision: &apos;aacccce0&apos;, time: &apos;2018-08-02T20:19:58.91Z&apos;
System info: host: &apos;USL-57R6042&apos;, ip: &apos;10.16.0.2&apos;, os.name: &apos;Windows 10&apos;, os.arch: &apos;amd64&apos;, os.version: &apos;10.0&apos;, java.version: &apos;17.0.1&apos;
Driver info: org.openqa.selenium.remote.RemoteWebDriver
Capabilities {acceptInsecureCerts: false, browserName: chrome, browserVersion: 106.0.5249.119, chrome: {chromedriverVersion: 105.0.5195.52 (412c95e51883..., userDataDir: C:\Users\niranjan.ms\AppDat...}, goog:chromeOptions: {debuggerAddress: localhost:50066}, javascriptEnabled: true, networkConnectionEnabled: false, pageLoadStrategy: normal, platform: WINDOWS, platformName: WINDOWS, proxy: Proxy(), setWindowRect: true, strictFileInteractability: false, timeouts: {implicit: 0, pageLoad: 300000, script: 30000}, unhandledPromptBehavior: dismiss and notify, webauthn:extension:credBlob: true, webauthn:extension:largeBlob: true, webauthn:virtualAuthenticators: true, webdriver.remote.sessionid: 9be311b09a11f9b09ea5fd82ce6...}
Session ID: 9be311b09a11f9b09ea5fd82ce62d432
*** Element info: {Using=xpath, value=//a[contains(text(),&apos;TestProductGroup101&apos;)]/ancestor::td[@data-th=&apos;Group Name&apos;]/following-sibling::td[@data-th=&apos;Action&apos;]//button[@data-original-title=&apos;Delete Group&apos;]}
	at org.openqa.selenium.remote.http.W3CHttpResponseCodec.createException(W3CHttpResponseCodec.java:187)
	at org.openqa.selenium.remote.http.W3CHttpResponseCodec.decode(W3CHttpResponseCodec.java:122)
	at org.openqa.selenium.remote.http.W3CHttpResponseCodec.decode(W3CHttpResponseCodec.java:49)
	at org.openqa.selenium.remote.HttpCommandExecutor.execute(HttpCommandExecutor.java:158)
	at org.openqa.selenium.remote.RemoteWebDriver.execute(RemoteWebDriver.java:548)
	at org.openqa.selenium.remote.RemoteWebDriver.findElement(RemoteWebDriver.java:322)
	at org.openqa.selenium.remote.RemoteWebDriver.findElementByXPath(RemoteWebDriver.java:424)
	at org.openqa.selenium.By$ByXPath.findElement(By.java:353)
	at org.openqa.selenium.remote.RemoteWebDriver.findElement(RemoteWebDriver.java:314)
	at pageobjects.MyProductGroupsPageObjects.deleteProductGroup(MyProductGroupsPageObjects.java:858)
	at testmethods.ProductGroupModuleTest.deleteProductGroup(ProductGroupModuleTest.java:36)
	at testmethods.QuickOrderPadModuleTest.speedEntryAddToPG_BulkOption_SpecificItem(QuickOrderPadModuleTest.java:615)
	at java.base/java.util.concurrent.ThreadPoolExecutor.runWorker(ThreadPoolExecutor.java:1136)
	at java.base/java.util.concurrent.ThreadPoolExecutor$Worker.run(ThreadPoolExecutor.java:635)
	at java.base/java.lang.Thread.run(Thread.java:833)
... Removed 15 stack frames</div></td></tr></table><p class="totop"><a href="#summary">back to summary</a></p>
<h3 id="m6">testmethods.QuickOrderPadModuleTest#speedEntryAddToPG_BulkOption_UpdateQty</h3><table class="result"><tr><th>Exception</th></tr><tr><td><div class="stacktrace">org.openqa.selenium.NoSuchElementException: no such element: Unable to locate element: {&quot;method&quot;:&quot;xpath&quot;,&quot;selector&quot;:&quot;//a[contains(text(),&apos;TestAutomation2&apos;)]/ancestor::td[@data-th=&apos;Group Name&apos;]/following-sibling::td[@data-th=&apos;Action&apos;]//button[@data-original-title=&apos;Delete Group&apos;]&quot;}
  (Session info: chrome=106.0.5249.119)
For documentation on this error, please visit: http://seleniumhq.org/exceptions/no_such_element.html
Build info: version: &apos;3.14.0&apos;, revision: &apos;aacccce0&apos;, time: &apos;2018-08-02T20:19:58.91Z&apos;
System info: host: &apos;USL-57R6042&apos;, ip: &apos;10.16.0.2&apos;, os.name: &apos;Windows 10&apos;, os.arch: &apos;amd64&apos;, os.version: &apos;10.0&apos;, java.version: &apos;17.0.1&apos;
Driver info: org.openqa.selenium.remote.RemoteWebDriver
Capabilities {acceptInsecureCerts: false, browserName: chrome, browserVersion: 106.0.5249.119, chrome: {chromedriverVersion: 105.0.5195.52 (412c95e51883..., userDataDir: C:\Users\niranjan.ms\AppDat...}, goog:chromeOptions: {debuggerAddress: localhost:50066}, javascriptEnabled: true, networkConnectionEnabled: false, pageLoadStrategy: normal, platform: WINDOWS, platformName: WINDOWS, proxy: Proxy(), setWindowRect: true, strictFileInteractability: false, timeouts: {implicit: 0, pageLoad: 300000, script: 30000}, unhandledPromptBehavior: dismiss and notify, webauthn:extension:credBlob: true, webauthn:extension:largeBlob: true, webauthn:virtualAuthenticators: true, webdriver.remote.sessionid: 9be311b09a11f9b09ea5fd82ce6...}
Session ID: 9be311b09a11f9b09ea5fd82ce62d432
*** Element info: {Using=xpath, value=//a[contains(text(),&apos;TestAutomation2&apos;)]/ancestor::td[@data-th=&apos;Group Name&apos;]/following-sibling::td[@data-th=&apos;Action&apos;]//button[@data-original-title=&apos;Delete Group&apos;]}
	at org.openqa.selenium.remote.http.W3CHttpResponseCodec.createException(W3CHttpResponseCodec.java:187)
	at org.openqa.selenium.remote.http.W3CHttpResponseCodec.decode(W3CHttpResponseCodec.java:122)
	at org.openqa.selenium.remote.http.W3CHttpResponseCodec.decode(W3CHttpResponseCodec.java:49)
	at org.openqa.selenium.remote.HttpCommandExecutor.execute(HttpCommandExecutor.java:158)
	at org.openqa.selenium.remote.RemoteWebDriver.execute(RemoteWebDriver.java:548)
	at org.openqa.selenium.remote.RemoteWebDriver.findElement(RemoteWebDriver.java:322)
	at org.openqa.selenium.remote.RemoteWebDriver.findElementByXPath(RemoteWebDriver.java:424)
	at org.openqa.selenium.By$ByXPath.findElement(By.java:353)
	at org.openqa.selenium.remote.RemoteWebDriver.findElement(RemoteWebDriver.java:314)
	at pageobjects.MyProductGroupsPageObjects.deleteProductGroup(MyProductGroupsPageObjects.java:858)
	at testmethods.ProductGroupModuleTest.deleteProductGroup(ProductGroupModuleTest.java:36)
	at testmethods.QuickOrderPadModuleTest.speedEntryAddToPG_BulkOption_UpdateQty(QuickOrderPadModuleTest.java:667)
	at java.base/java.util.concurrent.ThreadPoolExecutor.runWorker(ThreadPoolExecutor.java:1136)
	at java.base/java.util.concurrent.ThreadPoolExecutor$Worker.run(ThreadPoolExecutor.java:635)
	at java.base/java.lang.Thread.run(Thread.java:833)
... Removed 15 stack frames</div></td></tr></table><p class="totop"><a href="#summary">back to summary</a></p>
<h3 id="m7">testmethods.QuickOrderPadModuleTest#verifyFileUploadAddToCart_Seperate</h3><table class="result"><tr><th>Exception</th></tr><tr><td><div class="stacktrace">java.lang.AssertionError: verifyFileUploadAddToCart_Seperate-Failed Expected condition failed: waiting for visibility of Proxy element for: DefaultElementLocator &apos;By.xpath: //a[contains(@href,&apos;itemsInCart&apos;)]&apos; (tried for 20 second(s) with 500 milliseconds interval)
	at testmethods.QuickOrderPadModuleTest.verifyFileUploadAddToCart_Seperate(QuickOrderPadModuleTest.java:1081)
	at java.base/java.util.concurrent.ThreadPoolExecutor.runWorker(ThreadPoolExecutor.java:1136)
	at java.base/java.util.concurrent.ThreadPoolExecutor$Worker.run(ThreadPoolExecutor.java:635)
	at java.base/java.lang.Thread.run(Thread.java:833)
... Removed 11 stack frames</div></td></tr></table><p class="totop"><a href="#summary">back to summary</a></p>
<h3 id="m8">testmethods.QuickOrderPadModuleTest#copyPasteAddToCart</h3><table class="result"><tr><th class="invisible"/></tr></table><p class="totop"><a href="#summary">back to summary</a></p>
<h3 id="m9">testmethods.QuickOrderPadModuleTest#copyPasteAddToCart_Combine</h3><table class="result"><tr><th class="invisible"/></tr></table><p class="totop"><a href="#summary">back to summary</a></p>
<h3 id="m10">testmethods.QuickOrderPadModuleTest#copyPasteAddToCart_MoreThan40Rows</h3><table class="result"><tr><th class="invisible"/></tr></table><p class="totop"><a href="#summary">back to summary</a></p>
<h3 id="m11">testmethods.QuickOrderPadModuleTest#copyPasteAddToCart_Remove</h3><table class="result"><tr><th class="invisible"/></tr></table><p class="totop"><a href="#summary">back to summary</a></p>
<h3 id="m12">testmethods.QuickOrderPadModuleTest#copyPasteAddToCart_Seperate</h3><table class="result"><tr><th class="invisible"/></tr></table><p class="totop"><a href="#summary">back to summary</a></p>
<h3 id="m13">testmethods.QuickOrderPadModuleTest#speedEntryAddToCart</h3><table class="result"><tr><th class="invisible"/></tr></table><p class="totop"><a href="#summary">back to summary</a></p>
<h3 id="m14">testmethods.QuickOrderPadModuleTest#speedEntryAddToCart_InvalidQty</h3><table class="result"><tr><th class="invisible"/></tr></table><p class="totop"><a href="#summary">back to summary</a></p>
<h3 id="m15">testmethods.QuickOrderPadModuleTest#speedEntryAddToCart_Remove</h3><table class="result"><tr><th class="invisible"/></tr></table><p class="totop"><a href="#summary">back to summary</a></p>
<h3 id="m16">testmethods.QuickOrderPadModuleTest#speedEntryAddToCart_SearchText</h3><table class="result"><tr><th class="invisible"/></tr></table><p class="totop"><a href="#summary">back to summary</a></p>
<h3 id="m17">testmethods.QuickOrderPadModuleTest#speedEntryAddToCart_Seperate</h3><table class="result"><tr><th class="invisible"/></tr></table><p class="totop"><a href="#summary">back to summary</a></p>
<h3 id="m18">testmethods.QuickOrderPadModuleTest#speedEntryAddToCart_UndoRedo</h3><table class="result"><tr><th class="invisible"/></tr></table><p class="totop"><a href="#summary">back to summary</a></p>
<h3 id="m19">testmethods.QuickOrderPadModuleTest#verifyCopyPasteTab</h3><table class="result"><tr><th class="invisible"/></tr></table><p class="totop"><a href="#summary">back to summary</a></p>
<h3 id="m20">testmethods.QuickOrderPadModuleTest#verifyCopyPasteTab_AlertMsgBlankText</h3><table class="result"><tr><th class="invisible"/></tr></table><p class="totop"><a href="#summary">back to summary</a></p>
<h3 id="m21">testmethods.QuickOrderPadModuleTest#verifyFileUploadAddToCart</h3><table class="result"><tr><th class="invisible"/></tr></table><p class="totop"><a href="#summary">back to summary</a></p>
<h3 id="m22">testmethods.QuickOrderPadModuleTest#verifyFileUploadAddToCart_Combine</h3><table class="result"><tr><th class="invisible"/></tr></table><p class="totop"><a href="#summary">back to summary</a></p>
<h3 id="m23">testmethods.QuickOrderPadModuleTest#verifyFileUploadAddToCart_MoreThan40Rows</h3><table class="result"><tr><th class="invisible"/></tr></table><p class="totop"><a href="#summary">back to summary</a></p>
<h3 id="m24">testmethods.QuickOrderPadModuleTest#verifyFileUploadAddToCart_Remove</h3><table class="result"><tr><th class="invisible"/></tr></table><p class="totop"><a href="#summary">back to summary</a></p>
<h3 id="m25">testmethods.QuickOrderPadModuleTest#verifyFileUploadTab</h3><table class="result"><tr><th class="invisible"/></tr></table><p class="totop"><a href="#summary">back to summary</a></p>
<h3 id="m26">testmethods.QuickOrderPadModuleTest#verifyQuickOrderLandingPage</h3><table class="result"><tr class="param"><th>Parameter #1</th></tr><tr class="param stripe"><td>org.testng.TestRunner@7490a00</td></tr></table><p class="totop"><a href="#summary">back to summary</a></p>
</body>
</html>
