<?xml version="1.0" encoding="UTF-8"?>
<!-- Generated by org.testng.reporters.JUnitReportReporter -->
<testsuite hostname="USL-57R6042" failures="5" tests="30" name="testmethods.QuickOrderPadModuleTest" time="1833.783" errors="3" timestamp="27 Oct 2022 08:34:40 GMT" skipped="3">
  <testcase classname="testmethods.QuickOrderPadModuleTest" name="speedEntryAddToCart_InvalidQty" time="24.967"/>
  <testcase classname="testmethods.QuickOrderPadModuleTest" name="verifyCopyPasteTab" time="13.474"/>
  <testcase classname="testmethods.QuickOrderPadModuleTest" name="copyPasteAddToCart_Combine" time="58.371"/>
  <testcase classname="testmethods.QuickOrderPadModuleTest" name="verifyCopyPasteTab_AlertMsgBlankText" time="25.061"/>
  <testcase classname="testmethods.QuickOrderPadModuleTest" name="speedEntryAddToCart_Combine" time="53.500">
    <failure message="speedEntryAddToCart_Combine-Failed Items are not displayed under added to cart section expected [true] but found [false]" type="java.lang.AssertionError">
      <![CDATA[java.lang.AssertionError: speedEntryAddToCart_Combine-Failed Items are not displayed under added to cart section expected [true] but found [false]
at org.testng.Assert.fail(Assert.java:96)
at testmethods.QuickOrderPadModuleTest.speedEntryAddToCart_Combine(QuickOrderPadModuleTest.java:253)
at java.base/jdk.internal.reflect.NativeMethodAccessorImpl.invoke0(Native Method)
at java.base/jdk.internal.reflect.NativeMethodAccessorImpl.invoke(NativeMethodAccessorImpl.java:77)
at java.base/jdk.internal.reflect.DelegatingMethodAccessorImpl.invoke(DelegatingMethodAccessorImpl.java:43)
at java.base/java.lang.reflect.Method.invoke(Method.java:568)
at org.testng.internal.MethodInvocationHelper.invokeMethod(MethodInvocationHelper.java:124)
at org.testng.internal.Invoker.invokeMethod(Invoker.java:580)
at org.testng.internal.Invoker.invokeTestMethod(Invoker.java:716)
at org.testng.internal.Invoker.invokeTestMethods(Invoker.java:988)
at org.testng.internal.TestMethodWorker.invokeTestMethods(TestMethodWorker.java:125)
at org.testng.internal.TestMethodWorker.run(TestMethodWorker.java:109)
at java.base/java.util.concurrent.ThreadPoolExecutor.runWorker(ThreadPoolExecutor.java:1136)
at java.base/java.util.concurrent.ThreadPoolExecutor$Worker.run(ThreadPoolExecutor.java:635)
at java.base/java.lang.Thread.run(Thread.java:833)
]]>
    </failure>
  </testcase> <!-- speedEntryAddToCart_Combine -->
  <testcase classname="testmethods.QuickOrderPadModuleTest" name="verifyFileUploadAddToCart_Combine" time="56.382"/>
  <testcase classname="testmethods.QuickOrderPadModuleTest" name="verifyFileUploadAddToCart" time="56.243"/>
  <testcase classname="testmethods.QuickOrderPadModuleTest" name="speedEntryAddToPG_BulkOption_UpdateQty" time="97.355">
    <error message="no such element: Unable to locate element: {&quot;method&quot;:&quot;xpath&quot;,&quot;selector&quot;:&quot;//a[contains(text(),&#039;TestAutomation2&#039;)]/ancestor::td[@data-th=&#039;Group Name&#039;]/following-sibling::td[@data-th=&#039;Action&#039;]//button[@data-original-title=&#039;Delete Group&#039;]&quot;}
  (Session info: chrome=106.0.5249.119)
For documentation on this error, please visit: http://seleniumhq.org/exceptions/no_such_element.html
Build info: version: &#039;3.14.0&#039;, revision: &#039;aacccce0&#039;, time: &#039;2018-08-02T20:19:58.91Z&#039;
System info: host: &#039;USL-57R6042&#039;, ip: &#039;10.16.0.2&#039;, os.name: &#039;Windows 10&#039;, os.arch: &#039;amd64&#039;, os.version: &#039;10.0&#039;, java.version: &#039;17.0.1&#039;
Driver info: org.openqa.selenium.remote.RemoteWebDriver
Capabilities {acceptInsecureCerts: false, browserName: chrome, browserVersion: 106.0.5249.119, chrome: {chromedriverVersion: 105.0.5195.52 (412c95e51883..., userDataDir: C:\Users\niranjan.ms\AppDat...}, goog:chromeOptions: {debuggerAddress: localhost:50066}, javascriptEnabled: true, networkConnectionEnabled: false, pageLoadStrategy: normal, platform: WINDOWS, platformName: WINDOWS, proxy: Proxy(), setWindowRect: true, strictFileInteractability: false, timeouts: {implicit: 0, pageLoad: 300000, script: 30000}, unhandledPromptBehavior: dismiss and notify, webauthn:extension:credBlob: true, webauthn:extension:largeBlob: true, webauthn:virtualAuthenticators: true, webdriver.remote.sessionid: 9be311b09a11f9b09ea5fd82ce6...}
Session ID: 9be311b09a11f9b09ea5fd82ce62d432
*** Element info: {Using=xpath, value=//a[contains(text(),&#039;TestAutomation2&#039;)]/ancestor::td[@data-th=&#039;Group Name&#039;]/following-sibling::td[@data-th=&#039;Action&#039;]//button[@data-original-title=&#039;Delete Group&#039;]}" type="org.openqa.selenium.NoSuchElementException">
      <![CDATA[org.openqa.selenium.NoSuchElementException: no such element: Unable to locate element: {"method":"xpath","selector":"//a[contains(text(),'TestAutomation2')]/ancestor::td[@data-th='Group Name']/following-sibling::td[@data-th='Action']//button[@data-original-title='Delete Group']"}
  (Session info: chrome=106.0.5249.119)
For documentation on this error, please visit: http://seleniumhq.org/exceptions/no_such_element.html
Build info: version: '3.14.0', revision: 'aacccce0', time: '2018-08-02T20:19:58.91Z'
System info: host: 'USL-57R6042', ip: '10.16.0.2', os.name: 'Windows 10', os.arch: 'amd64', os.version: '10.0', java.version: '17.0.1'
Driver info: org.openqa.selenium.remote.RemoteWebDriver
Capabilities {acceptInsecureCerts: false, browserName: chrome, browserVersion: 106.0.5249.119, chrome: {chromedriverVersion: 105.0.5195.52 (412c95e51883..., userDataDir: C:\Users\niranjan.ms\AppDat...}, goog:chromeOptions: {debuggerAddress: localhost:50066}, javascriptEnabled: true, networkConnectionEnabled: false, pageLoadStrategy: normal, platform: WINDOWS, platformName: WINDOWS, proxy: Proxy(), setWindowRect: true, strictFileInteractability: false, timeouts: {implicit: 0, pageLoad: 300000, script: 30000}, unhandledPromptBehavior: dismiss and notify, webauthn:extension:credBlob: true, webauthn:extension:largeBlob: true, webauthn:virtualAuthenticators: true, webdriver.remote.sessionid: 9be311b09a11f9b09ea5fd82ce6...}
Session ID: 9be311b09a11f9b09ea5fd82ce62d432
*** Element info: {Using=xpath, value=//a[contains(text(),'TestAutomation2')]/ancestor::td[@data-th='Group Name']/following-sibling::td[@data-th='Action']//button[@data-original-title='Delete Group']}
at java.base/jdk.internal.reflect.NativeConstructorAccessorImpl.newInstance0(Native Method)
at java.base/jdk.internal.reflect.NativeConstructorAccessorImpl.newInstance(NativeConstructorAccessorImpl.java:77)
at java.base/jdk.internal.reflect.DelegatingConstructorAccessorImpl.newInstance(DelegatingConstructorAccessorImpl.java:45)
at java.base/java.lang.reflect.Constructor.newInstanceWithCaller(Constructor.java:499)
at java.base/java.lang.reflect.Constructor.newInstance(Constructor.java:480)
at org.openqa.selenium.remote.http.W3CHttpResponseCodec.createException(W3CHttpResponseCodec.java:187)
at org.openqa.selenium.remote.http.W3CHttpResponseCodec.decode(W3CHttpResponseCodec.java:122)
at org.openqa.selenium.remote.http.W3CHttpResponseCodec.decode(W3CHttpResponseCodec.java:49)
at org.openqa.selenium.remote.HttpCommandExecutor.execute(HttpCommandExecutor.java:158)
at org.openqa.selenium.remote.RemoteWebDriver.execute(RemoteWebDriver.java:548)
at org.openqa.selenium.remote.RemoteWebDriver.findElement(RemoteWebDriver.java:322)
at org.openqa.selenium.remote.RemoteWebDriver.findElementByXPath(RemoteWebDriver.java:424)
at org.openqa.selenium.By$ByXPath.findElement(By.java:353)
at org.openqa.selenium.remote.RemoteWebDriver.findElement(RemoteWebDriver.java:314)
at pageobjects.MyProductGroupsPageObjects.deleteProductGroup(MyProductGroupsPageObjects.java:858)
at testmethods.ProductGroupModuleTest.deleteProductGroup(ProductGroupModuleTest.java:36)
at testmethods.QuickOrderPadModuleTest.speedEntryAddToPG_BulkOption_UpdateQty(QuickOrderPadModuleTest.java:667)
at java.base/jdk.internal.reflect.NativeMethodAccessorImpl.invoke0(Native Method)
at java.base/jdk.internal.reflect.NativeMethodAccessorImpl.invoke(NativeMethodAccessorImpl.java:77)
at java.base/jdk.internal.reflect.DelegatingMethodAccessorImpl.invoke(DelegatingMethodAccessorImpl.java:43)
at java.base/java.lang.reflect.Method.invoke(Method.java:568)
at org.testng.internal.MethodInvocationHelper.invokeMethod(MethodInvocationHelper.java:124)
at org.testng.internal.Invoker.invokeMethod(Invoker.java:580)
at org.testng.internal.Invoker.invokeTestMethod(Invoker.java:716)
at org.testng.internal.Invoker.invokeTestMethods(Invoker.java:988)
at org.testng.internal.TestMethodWorker.invokeTestMethods(TestMethodWorker.java:125)
at org.testng.internal.TestMethodWorker.run(TestMethodWorker.java:109)
at java.base/java.util.concurrent.ThreadPoolExecutor.runWorker(ThreadPoolExecutor.java:1136)
at java.base/java.util.concurrent.ThreadPoolExecutor$Worker.run(ThreadPoolExecutor.java:635)
at java.base/java.lang.Thread.run(Thread.java:833)
]]>
    </error>
  </testcase> <!-- speedEntryAddToPG_BulkOption_UpdateQty -->
  <testcase classname="testmethods.QuickOrderPadModuleTest" name="verifyFileUploadTab" time="12.962"/>
  <testcase classname="testmethods.QuickOrderPadModuleTest" name="verifyFileUploadAddToCart_MoreThan40Rows" time="22.953"/>
  <testcase classname="testmethods.QuickOrderPadModuleTest" name="speedEntryAddToCart_UndoRedo" time="47.194"/>
  <testcase classname="testmethods.QuickOrderPadModuleTest" name="speedEntryAddToCart_BulkOption_UpdateQty" time="83.865">
    <failure message="speedEntryAddToCart_BulkOption_UpdateQty-Failed Index 0 out of bounds for length 0" type="java.lang.AssertionError">
      <![CDATA[java.lang.AssertionError: speedEntryAddToCart_BulkOption_UpdateQty-Failed Index 0 out of bounds for length 0
at org.testng.Assert.fail(Assert.java:96)
at testmethods.QuickOrderPadModuleTest.speedEntryAddToCart_BulkOption_UpdateQty(QuickOrderPadModuleTest.java:474)
at java.base/jdk.internal.reflect.NativeMethodAccessorImpl.invoke0(Native Method)
at java.base/jdk.internal.reflect.NativeMethodAccessorImpl.invoke(NativeMethodAccessorImpl.java:77)
at java.base/jdk.internal.reflect.DelegatingMethodAccessorImpl.invoke(DelegatingMethodAccessorImpl.java:43)
at java.base/java.lang.reflect.Method.invoke(Method.java:568)
at org.testng.internal.MethodInvocationHelper.invokeMethod(MethodInvocationHelper.java:124)
at org.testng.internal.Invoker.invokeMethod(Invoker.java:580)
at org.testng.internal.Invoker.invokeTestMethod(Invoker.java:716)
at org.testng.internal.Invoker.invokeTestMethods(Invoker.java:988)
at org.testng.internal.TestMethodWorker.invokeTestMethods(TestMethodWorker.java:125)
at org.testng.internal.TestMethodWorker.run(TestMethodWorker.java:109)
at java.base/java.util.concurrent.ThreadPoolExecutor.runWorker(ThreadPoolExecutor.java:1136)
at java.base/java.util.concurrent.ThreadPoolExecutor$Worker.run(ThreadPoolExecutor.java:635)
at java.base/java.lang.Thread.run(Thread.java:833)
]]>
    </failure>
  </testcase> <!-- speedEntryAddToCart_BulkOption_UpdateQty -->
  <testcase classname="testmethods.QuickOrderPadModuleTest" name="copyPasteAddToCart" time="133.720"/>
  <testcase classname="testmethods.QuickOrderPadModuleTest" name="speedEntryAddToPG_BulkOption_SpecificItem" time="97.564">
    <error message="no such element: Unable to locate element: {&quot;method&quot;:&quot;xpath&quot;,&quot;selector&quot;:&quot;//a[contains(text(),&#039;TestProductGroup101&#039;)]/ancestor::td[@data-th=&#039;Group Name&#039;]/following-sibling::td[@data-th=&#039;Action&#039;]//button[@data-original-title=&#039;Delete Group&#039;]&quot;}
  (Session info: chrome=106.0.5249.119)
For documentation on this error, please visit: http://seleniumhq.org/exceptions/no_such_element.html
Build info: version: &#039;3.14.0&#039;, revision: &#039;aacccce0&#039;, time: &#039;2018-08-02T20:19:58.91Z&#039;
System info: host: &#039;USL-57R6042&#039;, ip: &#039;10.16.0.2&#039;, os.name: &#039;Windows 10&#039;, os.arch: &#039;amd64&#039;, os.version: &#039;10.0&#039;, java.version: &#039;17.0.1&#039;
Driver info: org.openqa.selenium.remote.RemoteWebDriver
Capabilities {acceptInsecureCerts: false, browserName: chrome, browserVersion: 106.0.5249.119, chrome: {chromedriverVersion: 105.0.5195.52 (412c95e51883..., userDataDir: C:\Users\niranjan.ms\AppDat...}, goog:chromeOptions: {debuggerAddress: localhost:50066}, javascriptEnabled: true, networkConnectionEnabled: false, pageLoadStrategy: normal, platform: WINDOWS, platformName: WINDOWS, proxy: Proxy(), setWindowRect: true, strictFileInteractability: false, timeouts: {implicit: 0, pageLoad: 300000, script: 30000}, unhandledPromptBehavior: dismiss and notify, webauthn:extension:credBlob: true, webauthn:extension:largeBlob: true, webauthn:virtualAuthenticators: true, webdriver.remote.sessionid: 9be311b09a11f9b09ea5fd82ce6...}
Session ID: 9be311b09a11f9b09ea5fd82ce62d432
*** Element info: {Using=xpath, value=//a[contains(text(),&#039;TestProductGroup101&#039;)]/ancestor::td[@data-th=&#039;Group Name&#039;]/following-sibling::td[@data-th=&#039;Action&#039;]//button[@data-original-title=&#039;Delete Group&#039;]}" type="org.openqa.selenium.NoSuchElementException">
      <![CDATA[org.openqa.selenium.NoSuchElementException: no such element: Unable to locate element: {"method":"xpath","selector":"//a[contains(text(),'TestProductGroup101')]/ancestor::td[@data-th='Group Name']/following-sibling::td[@data-th='Action']//button[@data-original-title='Delete Group']"}
  (Session info: chrome=106.0.5249.119)
For documentation on this error, please visit: http://seleniumhq.org/exceptions/no_such_element.html
Build info: version: '3.14.0', revision: 'aacccce0', time: '2018-08-02T20:19:58.91Z'
System info: host: 'USL-57R6042', ip: '10.16.0.2', os.name: 'Windows 10', os.arch: 'amd64', os.version: '10.0', java.version: '17.0.1'
Driver info: org.openqa.selenium.remote.RemoteWebDriver
Capabilities {acceptInsecureCerts: false, browserName: chrome, browserVersion: 106.0.5249.119, chrome: {chromedriverVersion: 105.0.5195.52 (412c95e51883..., userDataDir: C:\Users\niranjan.ms\AppDat...}, goog:chromeOptions: {debuggerAddress: localhost:50066}, javascriptEnabled: true, networkConnectionEnabled: false, pageLoadStrategy: normal, platform: WINDOWS, platformName: WINDOWS, proxy: Proxy(), setWindowRect: true, strictFileInteractability: false, timeouts: {implicit: 0, pageLoad: 300000, script: 30000}, unhandledPromptBehavior: dismiss and notify, webauthn:extension:credBlob: true, webauthn:extension:largeBlob: true, webauthn:virtualAuthenticators: true, webdriver.remote.sessionid: 9be311b09a11f9b09ea5fd82ce6...}
Session ID: 9be311b09a11f9b09ea5fd82ce62d432
*** Element info: {Using=xpath, value=//a[contains(text(),'TestProductGroup101')]/ancestor::td[@data-th='Group Name']/following-sibling::td[@data-th='Action']//button[@data-original-title='Delete Group']}
at java.base/jdk.internal.reflect.NativeConstructorAccessorImpl.newInstance0(Native Method)
at java.base/jdk.internal.reflect.NativeConstructorAccessorImpl.newInstance(NativeConstructorAccessorImpl.java:77)
at java.base/jdk.internal.reflect.DelegatingConstructorAccessorImpl.newInstance(DelegatingConstructorAccessorImpl.java:45)
at java.base/java.lang.reflect.Constructor.newInstanceWithCaller(Constructor.java:499)
at java.base/java.lang.reflect.Constructor.newInstance(Constructor.java:480)
at org.openqa.selenium.remote.http.W3CHttpResponseCodec.createException(W3CHttpResponseCodec.java:187)
at org.openqa.selenium.remote.http.W3CHttpResponseCodec.decode(W3CHttpResponseCodec.java:122)
at org.openqa.selenium.remote.http.W3CHttpResponseCodec.decode(W3CHttpResponseCodec.java:49)
at org.openqa.selenium.remote.HttpCommandExecutor.execute(HttpCommandExecutor.java:158)
at org.openqa.selenium.remote.RemoteWebDriver.execute(RemoteWebDriver.java:548)
at org.openqa.selenium.remote.RemoteWebDriver.findElement(RemoteWebDriver.java:322)
at org.openqa.selenium.remote.RemoteWebDriver.findElementByXPath(RemoteWebDriver.java:424)
at org.openqa.selenium.By$ByXPath.findElement(By.java:353)
at org.openqa.selenium.remote.RemoteWebDriver.findElement(RemoteWebDriver.java:314)
at pageobjects.MyProductGroupsPageObjects.deleteProductGroup(MyProductGroupsPageObjects.java:858)
at testmethods.ProductGroupModuleTest.deleteProductGroup(ProductGroupModuleTest.java:36)
at testmethods.QuickOrderPadModuleTest.speedEntryAddToPG_BulkOption_SpecificItem(QuickOrderPadModuleTest.java:615)
at java.base/jdk.internal.reflect.NativeMethodAccessorImpl.invoke0(Native Method)
at java.base/jdk.internal.reflect.NativeMethodAccessorImpl.invoke(NativeMethodAccessorImpl.java:77)
at java.base/jdk.internal.reflect.DelegatingMethodAccessorImpl.invoke(DelegatingMethodAccessorImpl.java:43)
at java.base/java.lang.reflect.Method.invoke(Method.java:568)
at org.testng.internal.MethodInvocationHelper.invokeMethod(MethodInvocationHelper.java:124)
at org.testng.internal.Invoker.invokeMethod(Invoker.java:580)
at org.testng.internal.Invoker.invokeTestMethod(Invoker.java:716)
at org.testng.internal.Invoker.invokeTestMethods(Invoker.java:988)
at org.testng.internal.TestMethodWorker.invokeTestMethods(TestMethodWorker.java:125)
at org.testng.internal.TestMethodWorker.run(TestMethodWorker.java:109)
at java.base/java.util.concurrent.ThreadPoolExecutor.runWorker(ThreadPoolExecutor.java:1136)
at java.base/java.util.concurrent.ThreadPoolExecutor$Worker.run(ThreadPoolExecutor.java:635)
at java.base/java.lang.Thread.run(Thread.java:833)
]]>
    </error>
  </testcase> <!-- speedEntryAddToPG_BulkOption_SpecificItem -->
  <testcase classname="testmethods.QuickOrderPadModuleTest" name="speedEntryAddToCart_BulkOption_SpecificItem" time="81.857">
    <failure message="speedEntryAddToCart_BulkOption_SpecificItem-Failed Index 0 out of bounds for length 0" type="java.lang.AssertionError">
      <![CDATA[java.lang.AssertionError: speedEntryAddToCart_BulkOption_SpecificItem-Failed Index 0 out of bounds for length 0
at org.testng.Assert.fail(Assert.java:96)
at testmethods.QuickOrderPadModuleTest.speedEntryAddToCart_BulkOption_SpecificItem(QuickOrderPadModuleTest.java:565)
at java.base/jdk.internal.reflect.NativeMethodAccessorImpl.invoke0(Native Method)
at java.base/jdk.internal.reflect.NativeMethodAccessorImpl.invoke(NativeMethodAccessorImpl.java:77)
at java.base/jdk.internal.reflect.DelegatingMethodAccessorImpl.invoke(DelegatingMethodAccessorImpl.java:43)
at java.base/java.lang.reflect.Method.invoke(Method.java:568)
at org.testng.internal.MethodInvocationHelper.invokeMethod(MethodInvocationHelper.java:124)
at org.testng.internal.Invoker.invokeMethod(Invoker.java:580)
at org.testng.internal.Invoker.invokeTestMethod(Invoker.java:716)
at org.testng.internal.Invoker.invokeTestMethods(Invoker.java:988)
at org.testng.internal.TestMethodWorker.invokeTestMethods(TestMethodWorker.java:125)
at org.testng.internal.TestMethodWorker.run(TestMethodWorker.java:109)
at java.base/java.util.concurrent.ThreadPoolExecutor.runWorker(ThreadPoolExecutor.java:1136)
at java.base/java.util.concurrent.ThreadPoolExecutor$Worker.run(ThreadPoolExecutor.java:635)
at java.base/java.lang.Thread.run(Thread.java:833)
]]>
    </failure>
  </testcase> <!-- speedEntryAddToCart_BulkOption_SpecificItem -->
  <testcase classname="testmethods.QuickOrderPadModuleTest" name="copyPasteAddToCart_Seperate" time="132.631"/>
  <testcase classname="testmethods.QuickOrderPadModuleTest" name="speedEntryAddToCart_Remove" time="124.814"/>
  <testcase classname="testmethods.QuickOrderPadModuleTest" name="copyPasteAddToCart_Remove" time="122.288"/>
  <testcase classname="testmethods.QuickOrderPadModuleTest" name="verifyQuickOrderLandingPage" time="25.234"/>
  <testcase classname="testmethods.QuickOrderPadModuleTest" name="verifyFileUploadAddToCart_Remove" time="51.889"/>
  <testcase classname="testmethods.QuickOrderPadModuleTest" name="speedEntryAddToCart_Seperate" time="74.519"/>
  <testcase classname="testmethods.QuickOrderPadModuleTest" name="speedEntryAddToCart_SearchText" time="34.920"/>
  <testcase classname="testmethods.QuickOrderPadModuleTest" name="speedEntryAddToPG_BulkOption_SelectAll" time="115.325">
    <error message="no such element: Unable to locate element: {&quot;method&quot;:&quot;xpath&quot;,&quot;selector&quot;:&quot;//a[contains(text(),&#039;TestGroup1&#039;)]/ancestor::td[@data-th=&#039;Group Name&#039;]/following-sibling::td[@data-th=&#039;Action&#039;]//button[@data-original-title=&#039;Delete Group&#039;]&quot;}
  (Session info: chrome=106.0.5249.119)
For documentation on this error, please visit: http://seleniumhq.org/exceptions/no_such_element.html
Build info: version: &#039;3.14.0&#039;, revision: &#039;aacccce0&#039;, time: &#039;2018-08-02T20:19:58.91Z&#039;
System info: host: &#039;USL-57R6042&#039;, ip: &#039;10.16.0.2&#039;, os.name: &#039;Windows 10&#039;, os.arch: &#039;amd64&#039;, os.version: &#039;10.0&#039;, java.version: &#039;17.0.1&#039;
Driver info: org.openqa.selenium.remote.RemoteWebDriver
Capabilities {acceptInsecureCerts: false, browserName: chrome, browserVersion: 106.0.5249.119, chrome: {chromedriverVersion: 105.0.5195.52 (412c95e51883..., userDataDir: C:\Users\niranjan.ms\AppDat...}, goog:chromeOptions: {debuggerAddress: localhost:50066}, javascriptEnabled: true, networkConnectionEnabled: false, pageLoadStrategy: normal, platform: WINDOWS, platformName: WINDOWS, proxy: Proxy(), setWindowRect: true, strictFileInteractability: false, timeouts: {implicit: 0, pageLoad: 300000, script: 30000}, unhandledPromptBehavior: dismiss and notify, webauthn:extension:credBlob: true, webauthn:extension:largeBlob: true, webauthn:virtualAuthenticators: true, webdriver.remote.sessionid: 9be311b09a11f9b09ea5fd82ce6...}
Session ID: 9be311b09a11f9b09ea5fd82ce62d432
*** Element info: {Using=xpath, value=//a[contains(text(),&#039;TestGroup1&#039;)]/ancestor::td[@data-th=&#039;Group Name&#039;]/following-sibling::td[@data-th=&#039;Action&#039;]//button[@data-original-title=&#039;Delete Group&#039;]}" type="org.openqa.selenium.NoSuchElementException">
      <![CDATA[org.openqa.selenium.NoSuchElementException: no such element: Unable to locate element: {"method":"xpath","selector":"//a[contains(text(),'TestGroup1')]/ancestor::td[@data-th='Group Name']/following-sibling::td[@data-th='Action']//button[@data-original-title='Delete Group']"}
  (Session info: chrome=106.0.5249.119)
For documentation on this error, please visit: http://seleniumhq.org/exceptions/no_such_element.html
Build info: version: '3.14.0', revision: 'aacccce0', time: '2018-08-02T20:19:58.91Z'
System info: host: 'USL-57R6042', ip: '10.16.0.2', os.name: 'Windows 10', os.arch: 'amd64', os.version: '10.0', java.version: '17.0.1'
Driver info: org.openqa.selenium.remote.RemoteWebDriver
Capabilities {acceptInsecureCerts: false, browserName: chrome, browserVersion: 106.0.5249.119, chrome: {chromedriverVersion: 105.0.5195.52 (412c95e51883..., userDataDir: C:\Users\niranjan.ms\AppDat...}, goog:chromeOptions: {debuggerAddress: localhost:50066}, javascriptEnabled: true, networkConnectionEnabled: false, pageLoadStrategy: normal, platform: WINDOWS, platformName: WINDOWS, proxy: Proxy(), setWindowRect: true, strictFileInteractability: false, timeouts: {implicit: 0, pageLoad: 300000, script: 30000}, unhandledPromptBehavior: dismiss and notify, webauthn:extension:credBlob: true, webauthn:extension:largeBlob: true, webauthn:virtualAuthenticators: true, webdriver.remote.sessionid: 9be311b09a11f9b09ea5fd82ce6...}
Session ID: 9be311b09a11f9b09ea5fd82ce62d432
*** Element info: {Using=xpath, value=//a[contains(text(),'TestGroup1')]/ancestor::td[@data-th='Group Name']/following-sibling::td[@data-th='Action']//button[@data-original-title='Delete Group']}
at java.base/jdk.internal.reflect.NativeConstructorAccessorImpl.newInstance0(Native Method)
at java.base/jdk.internal.reflect.NativeConstructorAccessorImpl.newInstance(NativeConstructorAccessorImpl.java:77)
at java.base/jdk.internal.reflect.DelegatingConstructorAccessorImpl.newInstance(DelegatingConstructorAccessorImpl.java:45)
at java.base/java.lang.reflect.Constructor.newInstanceWithCaller(Constructor.java:499)
at java.base/java.lang.reflect.Constructor.newInstance(Constructor.java:480)
at org.openqa.selenium.remote.http.W3CHttpResponseCodec.createException(W3CHttpResponseCodec.java:187)
at org.openqa.selenium.remote.http.W3CHttpResponseCodec.decode(W3CHttpResponseCodec.java:122)
at org.openqa.selenium.remote.http.W3CHttpResponseCodec.decode(W3CHttpResponseCodec.java:49)
at org.openqa.selenium.remote.HttpCommandExecutor.execute(HttpCommandExecutor.java:158)
at org.openqa.selenium.remote.RemoteWebDriver.execute(RemoteWebDriver.java:548)
at org.openqa.selenium.remote.RemoteWebDriver.findElement(RemoteWebDriver.java:322)
at org.openqa.selenium.remote.RemoteWebDriver.findElementByXPath(RemoteWebDriver.java:424)
at org.openqa.selenium.By$ByXPath.findElement(By.java:353)
at org.openqa.selenium.remote.RemoteWebDriver.findElement(RemoteWebDriver.java:314)
at pageobjects.MyProductGroupsPageObjects.deleteProductGroup(MyProductGroupsPageObjects.java:858)
at testmethods.ProductGroupModuleTest.deleteProductGroup(ProductGroupModuleTest.java:36)
at testmethods.QuickOrderPadModuleTest.speedEntryAddToPG_BulkOption_SelectAll(QuickOrderPadModuleTest.java:526)
at java.base/jdk.internal.reflect.NativeMethodAccessorImpl.invoke0(Native Method)
at java.base/jdk.internal.reflect.NativeMethodAccessorImpl.invoke(NativeMethodAccessorImpl.java:77)
at java.base/jdk.internal.reflect.DelegatingMethodAccessorImpl.invoke(DelegatingMethodAccessorImpl.java:43)
at java.base/java.lang.reflect.Method.invoke(Method.java:568)
at org.testng.internal.MethodInvocationHelper.invokeMethod(MethodInvocationHelper.java:124)
at org.testng.internal.Invoker.invokeMethod(Invoker.java:580)
at org.testng.internal.Invoker.invokeTestMethod(Invoker.java:716)
at org.testng.internal.Invoker.invokeTestMethods(Invoker.java:988)
at org.testng.internal.TestMethodWorker.invokeTestMethods(TestMethodWorker.java:125)
at org.testng.internal.TestMethodWorker.run(TestMethodWorker.java:109)
at java.base/java.util.concurrent.ThreadPoolExecutor.runWorker(ThreadPoolExecutor.java:1136)
at java.base/java.util.concurrent.ThreadPoolExecutor$Worker.run(ThreadPoolExecutor.java:635)
at java.base/java.lang.Thread.run(Thread.java:833)
]]>
    </error>
  </testcase> <!-- speedEntryAddToPG_BulkOption_SelectAll -->
  <testcase classname="testmethods.QuickOrderPadModuleTest" name="verifyFileUploadAddToCart_Seperate" time="61.076">
    <failure message="verifyFileUploadAddToCart_Seperate-Failed Expected condition failed: waiting for visibility of Proxy element for: DefaultElementLocator &#039;By.xpath: //a[contains(@href,&#039;itemsInCart&#039;)]&#039; (tried for 20 second(s) with 500 milliseconds interval)" type="java.lang.AssertionError">
      <![CDATA[java.lang.AssertionError: verifyFileUploadAddToCart_Seperate-Failed Expected condition failed: waiting for visibility of Proxy element for: DefaultElementLocator 'By.xpath: //a[contains(@href,'itemsInCart')]' (tried for 20 second(s) with 500 milliseconds interval)
at org.testng.Assert.fail(Assert.java:96)
at testmethods.QuickOrderPadModuleTest.verifyFileUploadAddToCart_Seperate(QuickOrderPadModuleTest.java:1081)
at java.base/jdk.internal.reflect.NativeMethodAccessorImpl.invoke0(Native Method)
at java.base/jdk.internal.reflect.NativeMethodAccessorImpl.invoke(NativeMethodAccessorImpl.java:77)
at java.base/jdk.internal.reflect.DelegatingMethodAccessorImpl.invoke(DelegatingMethodAccessorImpl.java:43)
at java.base/java.lang.reflect.Method.invoke(Method.java:568)
at org.testng.internal.MethodInvocationHelper.invokeMethod(MethodInvocationHelper.java:124)
at org.testng.internal.Invoker.invokeMethod(Invoker.java:580)
at org.testng.internal.Invoker.invokeTestMethod(Invoker.java:716)
at org.testng.internal.Invoker.invokeTestMethods(Invoker.java:988)
at org.testng.internal.TestMethodWorker.invokeTestMethods(TestMethodWorker.java:125)
at org.testng.internal.TestMethodWorker.run(TestMethodWorker.java:109)
at java.base/java.util.concurrent.ThreadPoolExecutor.runWorker(ThreadPoolExecutor.java:1136)
at java.base/java.util.concurrent.ThreadPoolExecutor$Worker.run(ThreadPoolExecutor.java:635)
at java.base/java.lang.Thread.run(Thread.java:833)
]]>
    </failure>
  </testcase> <!-- verifyFileUploadAddToCart_Seperate -->
  <testcase classname="testmethods.QuickOrderPadModuleTest" name="copyPasteAddToCart_MoreThan40Rows" time="53.792"/>
  <testcase classname="testmethods.QuickOrderPadModuleTest" name="speedEntryAddToCart_BulkOption_SelectAll" time="112.571">
    <failure message="speedEntryAddToCart_BulkOption_SelectAll-Failed Expected condition failed: waiting for visibility of Proxy element for: DefaultElementLocator &#039;By.xpath: //input[@data-selectall=&#039;CheckBox&#039;]/..&#039; (tried for 15 second(s) with 500 milliseconds interval)" type="java.lang.AssertionError">
      <![CDATA[java.lang.AssertionError: speedEntryAddToCart_BulkOption_SelectAll-Failed Expected condition failed: waiting for visibility of Proxy element for: DefaultElementLocator 'By.xpath: //input[@data-selectall='CheckBox']/..' (tried for 15 second(s) with 500 milliseconds interval)
at org.testng.Assert.fail(Assert.java:96)
at testmethods.QuickOrderPadModuleTest.speedEntryAddToCart_BulkOption_SelectAll(QuickOrderPadModuleTest.java:437)
at java.base/jdk.internal.reflect.NativeMethodAccessorImpl.invoke0(Native Method)
at java.base/jdk.internal.reflect.NativeMethodAccessorImpl.invoke(NativeMethodAccessorImpl.java:77)
at java.base/jdk.internal.reflect.DelegatingMethodAccessorImpl.invoke(DelegatingMethodAccessorImpl.java:43)
at java.base/java.lang.reflect.Method.invoke(Method.java:568)
at org.testng.internal.MethodInvocationHelper.invokeMethod(MethodInvocationHelper.java:124)
at org.testng.internal.Invoker.invokeMethod(Invoker.java:580)
at org.testng.internal.Invoker.invokeTestMethod(Invoker.java:716)
at org.testng.internal.Invoker.invokeTestMethods(Invoker.java:988)
at org.testng.internal.TestMethodWorker.invokeTestMethods(TestMethodWorker.java:125)
at org.testng.internal.TestMethodWorker.run(TestMethodWorker.java:109)
at java.base/java.util.concurrent.ThreadPoolExecutor.runWorker(ThreadPoolExecutor.java:1136)
at java.base/java.util.concurrent.ThreadPoolExecutor$Worker.run(ThreadPoolExecutor.java:635)
at java.base/java.lang.Thread.run(Thread.java:833)
]]>
    </failure>
  </testcase> <!-- speedEntryAddToCart_BulkOption_SelectAll -->
  <testcase classname="testmethods.QuickOrderPadModuleTest" name="speedEntryAddToCart" time="59.256"/>
  <testcase classname="testmethods.QuickOrderPadModuleTest" name="verifyCopyPasteTab_LessMinQty">
    <skipped/>
  </testcase> <!-- verifyCopyPasteTab_LessMinQty -->
  <testcase classname="testmethods.QuickOrderPadModuleTest" name="verifyFileUploadAddToCart_LessMinQty">
    <skipped/>
  </testcase> <!-- verifyFileUploadAddToCart_LessMinQty -->
  <testcase classname="testmethods.QuickOrderPadModuleTest" name="speedEntryAddToCart_ItemsWithException">
    <skipped/>
  </testcase> <!-- speedEntryAddToCart_ItemsWithException -->
</testsuite> <!-- testmethods.QuickOrderPadModuleTest -->
