<?xml version="1.0" encoding="UTF-8"?>
<!-- Generated by org.testng.reporters.JUnitReportReporter -->
<testsuite hostname="USL-57R6042" failures="0" tests="27" name="testmethods.AccountDashboardModuleTest" time="0.011" errors="2" timestamp="24 Jun 2022 06:23:09 GMT" skipped="25">
  <testcase classname="testmethods.AccountDashboardModuleTest" name="c_verifySaveCartFunctionalityUnderGroupsTab" time="0.000">
    <skipped/>
  </testcase> <!-- c_verifySaveCartFunctionalityUnderGroupsTab -->
  <testcase classname="testmethods.AccountDashboardModuleTest" name="verifyErrorMessageBillAdd" time="0.000">
    <skipped/>
  </testcase> <!-- verifyErrorMessageBillAdd -->
  <testcase classname="testmethods.AccountDashboardModuleTest" name="verifyImageUpload" time="0.000">
    <skipped/>
  </testcase> <!-- verifyImageUpload -->
  <testcase classname="testmethods.AccountDashboardModuleTest" name="verificationOfSearchOptionInAddressTabForInValidData" time="0.000">
    <skipped/>
  </testcase> <!-- verificationOfSearchOptionInAddressTabForInValidData -->
  <testcase classname="testmethods.AccountDashboardModuleTest" name="initialSetup" time="0.000">
    <error message="
Parameter &#039;URL&#039; is required by BeforeClass on method initialSetup but has not been marked @Optional or defined
in C:\Users\niranjan.ms\AppData\Local\Temp\testng-eclipse-1404855152\testng-customsuite.xml" type="org.testng.TestNGException">
      <![CDATA[org.testng.TestNGException: 
Parameter 'URL' is required by BeforeClass on method initialSetup but has not been marked @Optional or defined
in C:\Users\niranjan.ms\AppData\Local\Temp\testng-eclipse-1404855152\testng-customsuite.xml
at org.testng.internal.Parameters.createParams(Parameters.java:290)
at org.testng.internal.Parameters.createParametersForMethod(Parameters.java:359)
at org.testng.internal.Parameters.createParameters(Parameters.java:620)
at org.testng.internal.Parameters.createConfigurationParameters(Parameters.java:190)
at org.testng.internal.Invoker.invokeConfigurations(Invoker.java:209)
at org.testng.internal.Invoker.invokeConfigurations(Invoker.java:142)
at org.testng.internal.TestMethodWorker.invokeBeforeClassMethods(TestMethodWorker.java:168)
at org.testng.internal.TestMethodWorker.run(TestMethodWorker.java:105)
at org.testng.TestRunner.privateRun(TestRunner.java:648)
at org.testng.TestRunner.run(TestRunner.java:505)
at org.testng.SuiteRunner.runTest(SuiteRunner.java:455)
at org.testng.SuiteRunner.runSequentially(SuiteRunner.java:450)
at org.testng.SuiteRunner.privateRun(SuiteRunner.java:415)
at org.testng.SuiteRunner.run(SuiteRunner.java:364)
at org.testng.SuiteRunnerWorker.runSuite(SuiteRunnerWorker.java:52)
at org.testng.SuiteRunnerWorker.run(SuiteRunnerWorker.java:84)
at org.testng.TestNG.runSuitesSequentially(TestNG.java:1208)
at org.testng.TestNG.runSuitesLocally(TestNG.java:1137)
at org.testng.TestNG.runSuites(TestNG.java:1049)
at org.testng.TestNG.run(TestNG.java:1017)
at org.testng.remote.AbstractRemoteTestNG.run(AbstractRemoteTestNG.java:115)
at org.testng.remote.RemoteTestNG.initAndRun(RemoteTestNG.java:251)
at org.testng.remote.RemoteTestNG.main(RemoteTestNG.java:77)
]]>
    </error>
  </testcase> <!-- initialSetup -->
  <testcase classname="testmethods.AccountDashboardModuleTest" name="verificationOfSearchOptionInAddressTabForValidData" time="0.000">
    <skipped/>
  </testcase> <!-- verificationOfSearchOptionInAddressTabForValidData -->
  <testcase classname="testmethods.AccountDashboardModuleTest" name="verifyErrorMessageWithoutEnterMandatoryFieldsInEditContactPage" time="0.000">
    <skipped/>
  </testcase> <!-- verifyErrorMessageWithoutEnterMandatoryFieldsInEditContactPage -->
  <testcase classname="testmethods.AccountDashboardModuleTest" name="verifyMyAccountPageProfileTab" time="0.000">
    <skipped/>
  </testcase> <!-- verifyMyAccountPageProfileTab -->
  <testcase classname="testmethods.AccountDashboardModuleTest" name="a_verifyMyProductGroupFunctionalityUnderGroupsTab" time="0.000">
    <skipped/>
  </testcase> <!-- a_verifyMyProductGroupFunctionalityUnderGroupsTab -->
  <testcase classname="testmethods.AccountDashboardModuleTest" name="verifyContentOfAddressTab" time="0.000">
    <skipped/>
  </testcase> <!-- verifyContentOfAddressTab -->
  <testcase classname="testmethods.AccountDashboardModuleTest" name="verificationOfLastLoginDetails" time="0.000">
    <skipped/>
  </testcase> <!-- verificationOfLastLoginDetails -->
  <testcase classname="testmethods.AccountDashboardModuleTest" name="verifyMyAccountDropdown" time="0.000">
    <skipped/>
  </testcase> <!-- verifyMyAccountDropdown -->
  <testcase classname="testmethods.AccountDashboardModuleTest" name="verifyUpdateButtonFunctionalityOfShippingAddress" time="0.000">
    <skipped/>
  </testcase> <!-- verifyUpdateButtonFunctionalityOfShippingAddress -->
  <testcase classname="testmethods.AccountDashboardModuleTest" name="closeBrowser" time="0.011">
    <error message="Cannot invoke &quot;org.openqa.selenium.WebDriver.quit()&quot; because the return value of &quot;mainclass.MainClassWebDriver.getDriver()&quot; is null" type="java.lang.NullPointerException">
      <![CDATA[java.lang.NullPointerException: Cannot invoke "org.openqa.selenium.WebDriver.quit()" because the return value of "mainclass.MainClassWebDriver.getDriver()" is null
at mainclass.MainClassWebDriver.closeBrowser(MainClassWebDriver.java:154)
at java.base/jdk.internal.reflect.NativeMethodAccessorImpl.invoke0(Native Method)
at java.base/jdk.internal.reflect.NativeMethodAccessorImpl.invoke(NativeMethodAccessorImpl.java:77)
at java.base/jdk.internal.reflect.DelegatingMethodAccessorImpl.invoke(DelegatingMethodAccessorImpl.java:43)
at java.base/java.lang.reflect.Method.invoke(Method.java:568)
at org.testng.internal.MethodInvocationHelper.invokeMethod(MethodInvocationHelper.java:124)
at org.testng.internal.MethodInvocationHelper.invokeMethodConsideringTimeout(MethodInvocationHelper.java:59)
at org.testng.internal.Invoker.invokeConfigurationMethod(Invoker.java:455)
at org.testng.internal.Invoker.invokeConfigurations(Invoker.java:222)
at org.testng.internal.Invoker.invokeConfigurations(Invoker.java:142)
at org.testng.internal.TestMethodWorker.invokeAfterClassMethods(TestMethodWorker.java:214)
at org.testng.internal.TestMethodWorker.run(TestMethodWorker.java:111)
at org.testng.TestRunner.privateRun(TestRunner.java:648)
at org.testng.TestRunner.run(TestRunner.java:505)
at org.testng.SuiteRunner.runTest(SuiteRunner.java:455)
at org.testng.SuiteRunner.runSequentially(SuiteRunner.java:450)
at org.testng.SuiteRunner.privateRun(SuiteRunner.java:415)
at org.testng.SuiteRunner.run(SuiteRunner.java:364)
at org.testng.SuiteRunnerWorker.runSuite(SuiteRunnerWorker.java:52)
at org.testng.SuiteRunnerWorker.run(SuiteRunnerWorker.java:84)
at org.testng.TestNG.runSuitesSequentially(TestNG.java:1208)
at org.testng.TestNG.runSuitesLocally(TestNG.java:1137)
at org.testng.TestNG.runSuites(TestNG.java:1049)
at org.testng.TestNG.run(TestNG.java:1017)
at org.testng.remote.AbstractRemoteTestNG.run(AbstractRemoteTestNG.java:115)
at org.testng.remote.RemoteTestNG.initAndRun(RemoteTestNG.java:251)
at org.testng.remote.RemoteTestNG.main(RemoteTestNG.java:77)
]]>
    </error>
  </testcase> <!-- closeBrowser -->
  <testcase classname="testmethods.AccountDashboardModuleTest" name="verifyShowDropDownFunctionality" time="0.000">
    <skipped/>
  </testcase> <!-- verifyShowDropDownFunctionality -->
  <testcase classname="testmethods.AccountDashboardModuleTest" name="verifyProfileTabContactInfo" time="0.000">
    <skipped/>
  </testcase> <!-- verifyProfileTabContactInfo -->
  <testcase classname="testmethods.AccountDashboardModuleTest" name="zverifyTheFunctionalityOfRefreshShippingInformationIcon">
    <skipped/>
  </testcase> <!-- zverifyTheFunctionalityOfRefreshShippingInformationIcon -->
  <testcase classname="testmethods.AccountDashboardModuleTest" name="verifyUpdateButtonFunctionalityOfBillingAddress">
    <skipped/>
  </testcase> <!-- verifyUpdateButtonFunctionalityOfBillingAddress -->
  <testcase classname="testmethods.AccountDashboardModuleTest" name="verifyTheFunctionalityOfViewOrderButtonOfOpenOrders">
    <skipped/>
  </testcase> <!-- verifyTheFunctionalityOfViewOrderButtonOfOpenOrders -->
  <testcase classname="testmethods.AccountDashboardModuleTest" name="verifyTheFunctionalityOfOrderNumberOfOpenOrder">
    <skipped/>
  </testcase> <!-- verifyTheFunctionalityOfOrderNumberOfOpenOrder -->
  <testcase classname="testmethods.AccountDashboardModuleTest" name="verifyErrorMessageOfShiAddr">
    <skipped/>
  </testcase> <!-- verifyErrorMessageOfShiAddr -->
  <testcase classname="testmethods.AccountDashboardModuleTest" name="d_verifyViewMoreButtonFunctionalityUnderSaveCart">
    <skipped/>
  </testcase> <!-- d_verifyViewMoreButtonFunctionalityUnderSaveCart -->
  <testcase classname="testmethods.AccountDashboardModuleTest" name="verifyTheFunctionalityOfViewAllButtonOfOpenOrder">
    <skipped/>
  </testcase> <!-- verifyTheFunctionalityOfViewAllButtonOfOpenOrder -->
  <testcase classname="testmethods.AccountDashboardModuleTest" name="verifyTheFunctionalityOfViewAllButtonOfCompltedOrder">
    <skipped/>
  </testcase> <!-- verifyTheFunctionalityOfViewAllButtonOfCompltedOrder -->
  <testcase classname="testmethods.AccountDashboardModuleTest" name="verifyOrdersTabContent">
    <skipped/>
  </testcase> <!-- verifyOrdersTabContent -->
  <testcase classname="testmethods.AccountDashboardModuleTest" name="verifyTheFunctionalityOfViewOrderButtonOfCompletedOrders">
    <skipped/>
  </testcase> <!-- verifyTheFunctionalityOfViewOrderButtonOfCompletedOrders -->
  <testcase classname="testmethods.AccountDashboardModuleTest" name="b_verifyViewMoreButtonFunctionalityUnderMyProductGroups">
    <skipped/>
  </testcase> <!-- b_verifyViewMoreButtonFunctionalityUnderMyProductGroups -->
</testsuite> <!-- testmethods.AccountDashboardModuleTest -->
