<?xml version="1.0" encoding="UTF-8"?>
<!-- Generated by org.testng.reporters.JUnitReportReporter -->
<testsuite hostname="USL-57R6042" failures="1" tests="1" name="testmethods.AddRemoveCPNTest" time="19.081" errors="0" timestamp="15 May 2022 16:46:04 GMT" skipped="0">
  <testcase classname="testmethods.AddRemoveCPNTest" name="a_verifyAddingNewPartNumber" time="19.081">
    <failure message="a_verifyAddingNewPartNumber failed element click intercepted: Element &lt;input type=&quot;text&quot; maxlength=&quot;25&quot; id=&quot;newCustomerPartNumber&quot; name=&quot;newCustomerPartNumber&quot; value=&quot;Enter New Customer Part Number&quot; onfocus=&quot;if(this.value==&#039;Enter New Customer Part Number&#039;){this.value=&#039;&#039;;}&quot; onblur=&quot;if(this.value==&#039;&#039;){this.value=&#039;&#039;;this.value=&#039;Enter New Customer Part Number&#039;;}&quot; onkeypress=&quot;return runScriptAddCustPnum(event);&quot;&gt; is not clickable at point (1094, 506). Other element would receive the click: &lt;div class=&quot;termly-styles-content-b28b09&quot;&gt;...&lt;/div&gt;
  (Session info: chrome=101.0.4951.54)
Build info: version: &#039;3.14.0&#039;, revision: &#039;aacccce0&#039;, time: &#039;2018-08-02T20:19:58.91Z&#039;
System info: host: &#039;USL-57R6042&#039;, ip: &#039;192.168.222.122&#039;, os.name: &#039;Windows 10&#039;, os.arch: &#039;amd64&#039;, os.version: &#039;10.0&#039;, java.version: &#039;17.0.1&#039;
Driver info: org.openqa.selenium.remote.RemoteWebDriver
Capabilities {acceptInsecureCerts: false, browserName: chrome, browserVersion: 101.0.4951.54, chrome: {chromedriverVersion: 100.0.4896.60 (6a5d10861ce8..., userDataDir: C:\Users\niranjan.ms\AppDat...}, goog:chromeOptions: {debuggerAddress: localhost:50878}, javascriptEnabled: true, networkConnectionEnabled: false, pageLoadStrategy: normal, platform: WINDOWS, platformName: WINDOWS, proxy: Proxy(), setWindowRect: true, strictFileInteractability: false, timeouts: {implicit: 0, pageLoad: 300000, script: 30000}, unhandledPromptBehavior: dismiss and notify, webauthn:extension:credBlob: true, webauthn:extension:largeBlob: true, webauthn:virtualAuthenticators: true, webdriver.remote.sessionid: 0c94aeae6009e5ce36968e7a6eb...}
Session ID: 0c94aeae6009e5ce36968e7a6eb0b13d" type="java.lang.AssertionError">
      <![CDATA[java.lang.AssertionError: a_verifyAddingNewPartNumber failed element click intercepted: Element <input type="text" maxlength="25" id="newCustomerPartNumber" name="newCustomerPartNumber" value="Enter New Customer Part Number" onfocus="if(this.value=='Enter New Customer Part Number'){this.value='';}" onblur="if(this.value==''){this.value='';this.value='Enter New Customer Part Number';}" onkeypress="return runScriptAddCustPnum(event);"> is not clickable at point (1094, 506). Other element would receive the click: <div class="termly-styles-content-b28b09">...</div>
  (Session info: chrome=101.0.4951.54)
Build info: version: '3.14.0', revision: 'aacccce0', time: '2018-08-02T20:19:58.91Z'
System info: host: 'USL-57R6042', ip: '192.168.222.122', os.name: 'Windows 10', os.arch: 'amd64', os.version: '10.0', java.version: '17.0.1'
Driver info: org.openqa.selenium.remote.RemoteWebDriver
Capabilities {acceptInsecureCerts: false, browserName: chrome, browserVersion: 101.0.4951.54, chrome: {chromedriverVersion: 100.0.4896.60 (6a5d10861ce8..., userDataDir: C:\Users\niranjan.ms\AppDat...}, goog:chromeOptions: {debuggerAddress: localhost:50878}, javascriptEnabled: true, networkConnectionEnabled: false, pageLoadStrategy: normal, platform: WINDOWS, platformName: WINDOWS, proxy: Proxy(), setWindowRect: true, strictFileInteractability: false, timeouts: {implicit: 0, pageLoad: 300000, script: 30000}, unhandledPromptBehavior: dismiss and notify, webauthn:extension:credBlob: true, webauthn:extension:largeBlob: true, webauthn:virtualAuthenticators: true, webdriver.remote.sessionid: 0c94aeae6009e5ce36968e7a6eb...}
Session ID: 0c94aeae6009e5ce36968e7a6eb0b13d
at org.testng.Assert.fail(Assert.java:96)
at testmethods.AddRemoveCPNTest.a_verifyAddingNewPartNumber(AddRemoveCPNTest.java:59)
at java.base/jdk.internal.reflect.NativeMethodAccessorImpl.invoke0(Native Method)
at java.base/jdk.internal.reflect.NativeMethodAccessorImpl.invoke(NativeMethodAccessorImpl.java:77)
at java.base/jdk.internal.reflect.DelegatingMethodAccessorImpl.invoke(DelegatingMethodAccessorImpl.java:43)
at java.base/java.lang.reflect.Method.invoke(Method.java:568)
at org.testng.internal.MethodInvocationHelper.invokeMethod(MethodInvocationHelper.java:124)
at org.testng.internal.Invoker.invokeMethod(Invoker.java:580)
at org.testng.internal.Invoker.invokeTestMethod(Invoker.java:716)
at org.testng.internal.Invoker.invokeTestMethods(Invoker.java:988)
at org.testng.internal.TestMethodWorker.invokeTestMethods(TestMethodWorker.java:125)
at org.testng.internal.TestMethodWorker.run(TestMethodWorker.java:109)
at java.base/java.util.concurrent.ThreadPoolExecutor.runWorker(ThreadPoolExecutor.java:1136)
at java.base/java.util.concurrent.ThreadPoolExecutor$Worker.run(ThreadPoolExecutor.java:635)
at java.base/java.lang.Thread.run(Thread.java:833)
]]>
    </failure>
  </testcase> <!-- a_verifyAddingNewPartNumber -->
</testsuite> <!-- testmethods.AddRemoveCPNTest -->
