<?xml version="1.0" encoding="UTF-8"?>
<!-- Generated by org.testng.reporters.JUnitReportReporter -->
<testsuite hostname="USL-57R6042" failures="1" tests="5" name="testmethods.HomePageTest" time="34.684" errors="0" timestamp="19 May 2022 10:47:40 GMT" skipped="4">
  <testcase classname="testmethods.HomePageTest" name="d_verifyFeaturedProductsTabLocation" time="34.684">
    <failure message="expected [5] but found [0]" type="java.lang.AssertionError">
      <![CDATA[java.lang.AssertionError: expected [5] but found [0]
at org.testng.Assert.fail(Assert.java:96)
at org.testng.Assert.failNotEquals(Assert.java:776)
at org.testng.Assert.assertEqualsImpl(Assert.java:137)
at org.testng.Assert.assertEquals(Assert.java:118)
at org.testng.Assert.assertEquals(Assert.java:652)
at org.testng.Assert.assertEquals(Assert.java:662)
at pageobjects.HomePageObjects.verifyfeaturedProductsItemDisplayContent(HomePageObjects.java:1240)
at testmethods.HomePageTest.d_verifyFeaturedProductsTabLocation(HomePageTest.java:57)
at java.base/jdk.internal.reflect.NativeMethodAccessorImpl.invoke0(Native Method)
at java.base/jdk.internal.reflect.NativeMethodAccessorImpl.invoke(NativeMethodAccessorImpl.java:77)
at java.base/jdk.internal.reflect.DelegatingMethodAccessorImpl.invoke(DelegatingMethodAccessorImpl.java:43)
at java.base/java.lang.reflect.Method.invoke(Method.java:568)
at org.testng.internal.MethodInvocationHelper.invokeMethod(MethodInvocationHelper.java:124)
at org.testng.internal.Invoker.invokeMethod(Invoker.java:580)
at org.testng.internal.Invoker.invokeTestMethod(Invoker.java:716)
at org.testng.internal.Invoker.invokeTestMethods(Invoker.java:988)
at org.testng.internal.TestMethodWorker.invokeTestMethods(TestMethodWorker.java:125)
at org.testng.internal.TestMethodWorker.run(TestMethodWorker.java:109)
at java.base/java.util.concurrent.ThreadPoolExecutor.runWorker(ThreadPoolExecutor.java:1136)
at java.base/java.util.concurrent.ThreadPoolExecutor$Worker.run(ThreadPoolExecutor.java:635)
at java.base/java.lang.Thread.run(Thread.java:833)
]]>
    </failure>
  </testcase> <!-- d_verifyFeaturedProductsTabLocation -->
  <testcase classname="testmethods.HomePageTest" name="h_verifyFeaturedManufacturersTabwithPlayButtons">
    <skipped/>
  </testcase> <!-- h_verifyFeaturedManufacturersTabwithPlayButtons -->
  <testcase classname="testmethods.HomePageTest" name="c_verifyFeaturedManufacturersTabLocation">
    <skipped/>
  </testcase> <!-- c_verifyFeaturedManufacturersTabLocation -->
  <testcase classname="testmethods.HomePageTest" name="verifyRecentlyViewedItemsDisplayWithPlayButtons">
    <skipped/>
  </testcase> <!-- verifyRecentlyViewedItemsDisplayWithPlayButtons -->
  <testcase classname="testmethods.HomePageTest" name="e_verifyRecentlyViewedItemsfunctionality">
    <skipped/>
  </testcase> <!-- e_verifyRecentlyViewedItemsfunctionality -->
</testsuite> <!-- testmethods.HomePageTest -->
