<?xml version="1.0" encoding="UTF-8"?>
<!-- Generated by org.testng.reporters.JUnitReportReporter -->
<testsuite hostname="USL-57R6042" failures="1" tests="9" name="testmethods.SaveCartModuleTest" time="672.692" errors="0" timestamp="19 May 2022 05:46:12 GMT" skipped="0">
  <testcase classname="testmethods.SaveCartModuleTest" name="verifyExpandCollapseOption" time="19.070"/>
  <testcase classname="testmethods.SaveCartModuleTest" name="verifyBulkOptionFunctionalityInSC" time="137.529"/>
  <testcase classname="testmethods.SaveCartModuleTest" name="verifyItemSearchInSC" time="48.018"/>
  <testcase classname="testmethods.SaveCartModuleTest" name="addItemToExistingSavedCart" time="58.737"/>
  <testcase classname="testmethods.SaveCartModuleTest" name="createSavedCartErrorScenarios" time="69.582"/>
  <testcase classname="testmethods.SaveCartModuleTest" name="verifyBulkOptionInSC_ES" time="53.424"/>
  <testcase classname="testmethods.SaveCartModuleTest" name="verifySortByInSavedCart" time="43.778">
    <failure message="verifySortByInSavedCart-Failed no such element: Unable to locate element: {&quot;method&quot;:&quot;xpath&quot;,&quot;selector&quot;:&quot;//a[contains(text(),&#039;AutomationSavedCart&#039;)]&quot;}
  (Session info: chrome=101.0.4951.67)
For documentation on this error, please visit: http://seleniumhq.org/exceptions/no_such_element.html
Build info: version: &#039;3.14.0&#039;, revision: &#039;aacccce0&#039;, time: &#039;2018-08-02T20:19:58.91Z&#039;
System info: host: &#039;USL-57R6042&#039;, ip: &#039;10.16.0.29&#039;, os.name: &#039;Windows 10&#039;, os.arch: &#039;amd64&#039;, os.version: &#039;10.0&#039;, java.version: &#039;17.0.1&#039;
Driver info: org.openqa.selenium.remote.RemoteWebDriver
Capabilities {acceptInsecureCerts: false, browserName: chrome, browserVersion: 101.0.4951.67, chrome: {chromedriverVersion: 100.0.4896.60 (6a5d10861ce8..., userDataDir: C:\Users\niranjan.ms\AppDat...}, goog:chromeOptions: {debuggerAddress: localhost:59978}, javascriptEnabled: true, networkConnectionEnabled: false, pageLoadStrategy: normal, platform: WINDOWS, platformName: WINDOWS, proxy: Proxy(), setWindowRect: true, strictFileInteractability: false, timeouts: {implicit: 0, pageLoad: 300000, script: 30000}, unhandledPromptBehavior: dismiss and notify, webauthn:extension:credBlob: true, webauthn:extension:largeBlob: true, webauthn:virtualAuthenticators: true, webdriver.remote.sessionid: 3f6c019f5b5f59568e163eeac4a...}
Session ID: 3f6c019f5b5f59568e163eeac4af438c
*** Element info: {Using=xpath, value=//a[contains(text(),&#039;AutomationSavedCart&#039;)]}" type="java.lang.AssertionError">
      <![CDATA[java.lang.AssertionError: verifySortByInSavedCart-Failed no such element: Unable to locate element: {"method":"xpath","selector":"//a[contains(text(),'AutomationSavedCart')]"}
  (Session info: chrome=101.0.4951.67)
For documentation on this error, please visit: http://seleniumhq.org/exceptions/no_such_element.html
Build info: version: '3.14.0', revision: 'aacccce0', time: '2018-08-02T20:19:58.91Z'
System info: host: 'USL-57R6042', ip: '10.16.0.29', os.name: 'Windows 10', os.arch: 'amd64', os.version: '10.0', java.version: '17.0.1'
Driver info: org.openqa.selenium.remote.RemoteWebDriver
Capabilities {acceptInsecureCerts: false, browserName: chrome, browserVersion: 101.0.4951.67, chrome: {chromedriverVersion: 100.0.4896.60 (6a5d10861ce8..., userDataDir: C:\Users\niranjan.ms\AppDat...}, goog:chromeOptions: {debuggerAddress: localhost:59978}, javascriptEnabled: true, networkConnectionEnabled: false, pageLoadStrategy: normal, platform: WINDOWS, platformName: WINDOWS, proxy: Proxy(), setWindowRect: true, strictFileInteractability: false, timeouts: {implicit: 0, pageLoad: 300000, script: 30000}, unhandledPromptBehavior: dismiss and notify, webauthn:extension:credBlob: true, webauthn:extension:largeBlob: true, webauthn:virtualAuthenticators: true, webdriver.remote.sessionid: 3f6c019f5b5f59568e163eeac4a...}
Session ID: 3f6c019f5b5f59568e163eeac4af438c
*** Element info: {Using=xpath, value=//a[contains(text(),'AutomationSavedCart')]}
at org.testng.Assert.fail(Assert.java:96)
at testmethods.SaveCartModuleTest.verifySortByInSavedCart(SaveCartModuleTest.java:513)
at java.base/jdk.internal.reflect.NativeMethodAccessorImpl.invoke0(Native Method)
at java.base/jdk.internal.reflect.NativeMethodAccessorImpl.invoke(NativeMethodAccessorImpl.java:77)
at java.base/jdk.internal.reflect.DelegatingMethodAccessorImpl.invoke(DelegatingMethodAccessorImpl.java:43)
at java.base/java.lang.reflect.Method.invoke(Method.java:568)
at org.testng.internal.MethodInvocationHelper.invokeMethod(MethodInvocationHelper.java:124)
at org.testng.internal.Invoker.invokeMethod(Invoker.java:580)
at org.testng.internal.Invoker.invokeTestMethod(Invoker.java:716)
at org.testng.internal.Invoker.invokeTestMethods(Invoker.java:988)
at org.testng.internal.TestMethodWorker.invokeTestMethods(TestMethodWorker.java:125)
at org.testng.internal.TestMethodWorker.run(TestMethodWorker.java:109)
at java.base/java.util.concurrent.ThreadPoolExecutor.runWorker(ThreadPoolExecutor.java:1136)
at java.base/java.util.concurrent.ThreadPoolExecutor$Worker.run(ThreadPoolExecutor.java:635)
at java.base/java.lang.Thread.run(Thread.java:833)
]]>
    </failure>
  </testcase> <!-- verifySortByInSavedCart -->
  <testcase classname="testmethods.SaveCartModuleTest" name="editSaveCartNameScenarios" time="171.252"/>
  <testcase classname="testmethods.SaveCartModuleTest" name="a2_createAndVerifySavedCartPage" time="71.302"/>
</testsuite> <!-- testmethods.SaveCartModuleTest -->
