<?xml version="1.0" encoding="UTF-8"?>
<!-- Generated by org.testng.reporters.JUnitReportReporter -->
<testsuite hostname="USL-2T59152" failures="1" tests="1" name="testmethods.LeftMenuModuleTest" time="16.369" errors="0" timestamp="27 Apr 2022 13:08:29 GMT" skipped="0">
  <testcase classname="testmethods.LeftMenuModuleTest" name="verifyBrandsFunctionality" time="16.369">
    <failure message="verifyBrandsFunctionality failed :Invalid brand search expected [tub] but found [ABB]" type="java.lang.AssertionError">
      <![CDATA[java.lang.AssertionError: verifyBrandsFunctionality failed :Invalid brand search expected [tub] but found [ABB]
at org.testng.Assert.fail(Assert.java:96)
at testmethods.LeftMenuModuleTest.verifyBrandsFunctionality(LeftMenuModuleTest.java:118)
at java.base/jdk.internal.reflect.NativeMethodAccessorImpl.invoke0(Native Method)
at java.base/jdk.internal.reflect.NativeMethodAccessorImpl.invoke(NativeMethodAccessorImpl.java:77)
at java.base/jdk.internal.reflect.DelegatingMethodAccessorImpl.invoke(DelegatingMethodAccessorImpl.java:43)
at java.base/java.lang.reflect.Method.invoke(Method.java:568)
at org.testng.internal.MethodInvocationHelper.invokeMethod(MethodInvocationHelper.java:124)
at org.testng.internal.Invoker.invokeMethod(Invoker.java:580)
at org.testng.internal.Invoker.invokeTestMethod(Invoker.java:716)
at org.testng.internal.Invoker.invokeTestMethods(Invoker.java:988)
at org.testng.internal.TestMethodWorker.invokeTestMethods(TestMethodWorker.java:125)
at org.testng.internal.TestMethodWorker.run(TestMethodWorker.java:109)
at java.base/java.util.concurrent.ThreadPoolExecutor.runWorker(ThreadPoolExecutor.java:1136)
at java.base/java.util.concurrent.ThreadPoolExecutor$Worker.run(ThreadPoolExecutor.java:635)
at java.base/java.lang.Thread.run(Thread.java:833)
]]>
    </failure>
  </testcase> <!-- verifyBrandsFunctionality -->
</testsuite> <!-- testmethods.LeftMenuModuleTest -->
