<?xml version="1.0" encoding="UTF-8"?>
<!-- Generated by org.testng.reporters.JUnitReportReporter -->
<testsuite hostname="USL-57R6042" failures="1" tests="13" name="testmethods.ProductDetail_SKUModuleTest" time="619.594" errors="0" timestamp="20 May 2022 05:57:40 GMT" skipped="3">
  <testcase classname="testmethods.ProductDetail_SKUModuleTest" name="verifyTheFunctOfWriteReviewLink" time="53.482"/>
  <testcase classname="testmethods.ProductDetail_SKUModuleTest" name="verifyAlertMessageWhenSameItemAddedTwice" time="125.882"/>
  <testcase classname="testmethods.ProductDetail_SKUModuleTest" name="verifyErrorMessageForWriteReviewLink" time="91.293"/>
  <testcase classname="testmethods.ProductDetail_SKUModuleTest" name="verifyImageMaginifierIconFunctionality" time="15.035"/>
  <testcase classname="testmethods.ProductDetail_SKUModuleTest" name="verifyUpdatedQtyField" time="79.403"/>
  <testcase classname="testmethods.ProductDetail_SKUModuleTest" name="verifyErrorMessageSendThisPage" time="109.696"/>
  <testcase classname="testmethods.ProductDetail_SKUModuleTest" name="verifySendThisPageBeforeLogin" time="21.188"/>
  <testcase classname="testmethods.ProductDetail_SKUModuleTest" name="verifyItemDetailWithPriceAndAvailability" time="17.783"/>
  <testcase classname="testmethods.ProductDetail_SKUModuleTest" name="verifyProductDetailBreadcrumbsFunctionality" time="28.460">
    <failure message="verifyProductDetailBreadcrumbsFunctionality failed :Level Two Category Bread Crumb is not :Anchors.It is Kitchen Appliances expected [Anchors] but found [Kitchen Appliances]" type="java.lang.AssertionError">
      <![CDATA[java.lang.AssertionError: verifyProductDetailBreadcrumbsFunctionality failed :Level Two Category Bread Crumb is not :Anchors.It is Kitchen Appliances expected [Anchors] but found [Kitchen Appliances]
at org.testng.Assert.fail(Assert.java:96)
at testmethods.ProductDetail_SKUModuleTest.verifyProductDetailBreadcrumbsFunctionality(ProductDetail_SKUModuleTest.java:104)
at java.base/jdk.internal.reflect.NativeMethodAccessorImpl.invoke0(Native Method)
at java.base/jdk.internal.reflect.NativeMethodAccessorImpl.invoke(NativeMethodAccessorImpl.java:77)
at java.base/jdk.internal.reflect.DelegatingMethodAccessorImpl.invoke(DelegatingMethodAccessorImpl.java:43)
at java.base/java.lang.reflect.Method.invoke(Method.java:568)
at org.testng.internal.MethodInvocationHelper.invokeMethod(MethodInvocationHelper.java:124)
at org.testng.internal.Invoker.invokeMethod(Invoker.java:580)
at org.testng.internal.Invoker.invokeTestMethod(Invoker.java:716)
at org.testng.internal.Invoker.invokeTestMethods(Invoker.java:988)
at org.testng.internal.TestMethodWorker.invokeTestMethods(TestMethodWorker.java:125)
at org.testng.internal.TestMethodWorker.run(TestMethodWorker.java:109)
at java.base/java.util.concurrent.ThreadPoolExecutor.runWorker(ThreadPoolExecutor.java:1136)
at java.base/java.util.concurrent.ThreadPoolExecutor$Worker.run(ThreadPoolExecutor.java:635)
at java.base/java.lang.Thread.run(Thread.java:833)
]]>
    </failure>
  </testcase> <!-- verifyProductDetailBreadcrumbsFunctionality -->
  <testcase classname="testmethods.ProductDetail_SKUModuleTest" name="verifySendThisPage" time="77.372"/>
  <testcase classname="testmethods.ProductDetail_SKUModuleTest" name="verifyErrorMessageForCPN">
    <skipped/>
  </testcase> <!-- verifyErrorMessageForCPN -->
  <testcase classname="testmethods.ProductDetail_SKUModuleTest" name="verifyItemDetailWithoutPriceAndAvailability">
    <skipped/>
  </testcase> <!-- verifyItemDetailWithoutPriceAndAvailability -->
  <testcase classname="testmethods.ProductDetail_SKUModuleTest" name="verifySKUItemDtailPageThroughCategoryNavigation">
    <skipped/>
  </testcase> <!-- verifySKUItemDtailPageThroughCategoryNavigation -->
</testsuite> <!-- testmethods.ProductDetail_SKUModuleTest -->
