<html>
<head>
<title>TestNG:  Smoke Suite</title>
<link href="../testng.css" rel="stylesheet" type="text/css" />
<link href="../my-testng.css" rel="stylesheet" type="text/css" />

<style type="text/css">
.log { display: none;} 
.stack-trace { display: none;} 
</style>
<script type="text/javascript">
<!--
function flip(e) {
  current = e.style.display;
  if (current == 'block') {
    e.style.display = 'none';
    return 0;
  }
  else {
    e.style.display = 'block';
    return 1;
  }
}

function toggleBox(szDivId, elem, msg1, msg2)
{
  var res = -1;  if (document.getElementById) {
    res = flip(document.getElementById(szDivId));
  }
  else if (document.all) {
    // this is the way old msie versions work
    res = flip(document.all[szDivId]);
  }
  if(elem) {
    if(res == 0) elem.innerHTML = msg1; else elem.innerHTML = msg2;
  }

}

function toggleAllBoxes() {
  if (document.getElementsByTagName) {
    d = document.getElementsByTagName('div');
    for (i = 0; i < d.length; i++) {
      if (d[i].className == 'log') {
        flip(d[i]);
      }
    }
  }
}

// -->
</script>

</head>
<body>
<h2 align='center'>Smoke Suite</h2><table border='1' align="center">
<tr>
<td>Tests passed/Failed/Skipped:</td><td>19/8/0</td>
</tr><tr>
<td>Started on:</td><td>Thu Oct 27 13:33:03 IST 2022</td>
</tr>
<tr><td>Total time:</td><td>1896 seconds (1896813 ms)</td>
</tr><tr>
<td>Included groups:</td><td></td>
</tr><tr>
<td>Excluded groups:</td><td></td>
</tr>
</table><p/>
<small><i>(Hover the method name to see the test class name)</i></small><p/>
<table width='100%' border='1' class='invocation-failed'>
<tr><td colspan='4' align='center'><b>FAILED TESTS</b></td></tr>
<tr><td><b>Test method</b></td>
<td width="30%"><b>Exception</b></td>
<td width="10%"><b>Time (seconds)</b></td>
<td><b>Instance</b></td>
</tr>
<tr>
<td title='testmethods.QuickOrderPadModuleTest.speedEntryAddToCart_BulkOption_SelectAll()'><b>speedEntryAddToCart_BulkOption_SelectAll</b><br>Test class: testmethods.QuickOrderPadModuleTest</td>
<td><div><pre>java.lang.AssertionError: speedEntryAddToCart_BulkOption_SelectAll-Failed Expected condition failed: waiting for visibility of Proxy element for: DefaultElementLocator &apos;By.xpath: //input[@data-selectall=&apos;CheckBox&apos;]/..&apos; (tried for 15 second(s) with 500 milliseconds interval)
	at testmethods.QuickOrderPadModuleTest.speedEntryAddToCart_BulkOption_SelectAll(QuickOrderPadModuleTest.java:437)
	at java.base/java.util.concurrent.ThreadPoolExecutor.runWorker(ThreadPoolExecutor.java:1136)
	at java.base/java.util.concurrent.ThreadPoolExecutor$Worker.run(ThreadPoolExecutor.java:635)
	at java.base/java.lang.Thread.run(Thread.java:833)
... Removed 11 stack frames</pre></div><a href='#' onClick='toggleBox("stack-trace5695778", this, "Click to show all stack frames", "Click to hide stack frames")'>Click to show all stack frames</a>
<div class='stack-trace' id='stack-trace5695778'><pre>java.lang.AssertionError: speedEntryAddToCart_BulkOption_SelectAll-Failed Expected condition failed: waiting for visibility of Proxy element for: DefaultElementLocator &apos;By.xpath: //input[@data-selectall=&apos;CheckBox&apos;]/..&apos; (tried for 15 second(s) with 500 milliseconds interval)
	at org.testng.Assert.fail(Assert.java:96)
	at testmethods.QuickOrderPadModuleTest.speedEntryAddToCart_BulkOption_SelectAll(QuickOrderPadModuleTest.java:437)
	at java.base/jdk.internal.reflect.NativeMethodAccessorImpl.invoke0(Native Method)
	at java.base/jdk.internal.reflect.NativeMethodAccessorImpl.invoke(NativeMethodAccessorImpl.java:77)
	at java.base/jdk.internal.reflect.DelegatingMethodAccessorImpl.invoke(DelegatingMethodAccessorImpl.java:43)
	at java.base/java.lang.reflect.Method.invoke(Method.java:568)
	at org.testng.internal.MethodInvocationHelper.invokeMethod(MethodInvocationHelper.java:124)
	at org.testng.internal.Invoker.invokeMethod(Invoker.java:580)
	at org.testng.internal.Invoker.invokeTestMethod(Invoker.java:716)
	at org.testng.internal.Invoker.invokeTestMethods(Invoker.java:988)
	at org.testng.internal.TestMethodWorker.invokeTestMethods(TestMethodWorker.java:125)
	at org.testng.internal.TestMethodWorker.run(TestMethodWorker.java:109)
	at java.base/java.util.concurrent.ThreadPoolExecutor.runWorker(ThreadPoolExecutor.java:1136)
	at java.base/java.util.concurrent.ThreadPoolExecutor$Worker.run(ThreadPoolExecutor.java:635)
	at java.base/java.lang.Thread.run(Thread.java:833)
</pre></div></td>
<td>112</td>
<td>testmethods.QuickOrderPadModuleTest@50cb24ed</td></tr>
<tr>
<td title='testmethods.QuickOrderPadModuleTest.speedEntryAddToCart_BulkOption_SpecificItem()'><b>speedEntryAddToCart_BulkOption_SpecificItem</b><br>Test class: testmethods.QuickOrderPadModuleTest</td>
<td><div><pre>java.lang.AssertionError: speedEntryAddToCart_BulkOption_SpecificItem-Failed Index 0 out of bounds for length 0
	at testmethods.QuickOrderPadModuleTest.speedEntryAddToCart_BulkOption_SpecificItem(QuickOrderPadModuleTest.java:565)
	at java.base/java.util.concurrent.ThreadPoolExecutor.runWorker(ThreadPoolExecutor.java:1136)
	at java.base/java.util.concurrent.ThreadPoolExecutor$Worker.run(ThreadPoolExecutor.java:635)
	at java.base/java.lang.Thread.run(Thread.java:833)
... Removed 11 stack frames</pre></div><a href='#' onClick='toggleBox("stack-trace516802970", this, "Click to show all stack frames", "Click to hide stack frames")'>Click to show all stack frames</a>
<div class='stack-trace' id='stack-trace516802970'><pre>java.lang.AssertionError: speedEntryAddToCart_BulkOption_SpecificItem-Failed Index 0 out of bounds for length 0
	at org.testng.Assert.fail(Assert.java:96)
	at testmethods.QuickOrderPadModuleTest.speedEntryAddToCart_BulkOption_SpecificItem(QuickOrderPadModuleTest.java:565)
	at java.base/jdk.internal.reflect.NativeMethodAccessorImpl.invoke0(Native Method)
	at java.base/jdk.internal.reflect.NativeMethodAccessorImpl.invoke(NativeMethodAccessorImpl.java:77)
	at java.base/jdk.internal.reflect.DelegatingMethodAccessorImpl.invoke(DelegatingMethodAccessorImpl.java:43)
	at java.base/java.lang.reflect.Method.invoke(Method.java:568)
	at org.testng.internal.MethodInvocationHelper.invokeMethod(MethodInvocationHelper.java:124)
	at org.testng.internal.Invoker.invokeMethod(Invoker.java:580)
	at org.testng.internal.Invoker.invokeTestMethod(Invoker.java:716)
	at org.testng.internal.Invoker.invokeTestMethods(Invoker.java:988)
	at org.testng.internal.TestMethodWorker.invokeTestMethods(TestMethodWorker.java:125)
	at org.testng.internal.TestMethodWorker.run(TestMethodWorker.java:109)
	at java.base/java.util.concurrent.ThreadPoolExecutor.runWorker(ThreadPoolExecutor.java:1136)
	at java.base/java.util.concurrent.ThreadPoolExecutor$Worker.run(ThreadPoolExecutor.java:635)
	at java.base/java.lang.Thread.run(Thread.java:833)
</pre></div></td>
<td>81</td>
<td>testmethods.QuickOrderPadModuleTest@50cb24ed</td></tr>
<tr>
<td title='testmethods.QuickOrderPadModuleTest.speedEntryAddToCart_BulkOption_UpdateQty()'><b>speedEntryAddToCart_BulkOption_UpdateQty</b><br>Test class: testmethods.QuickOrderPadModuleTest</td>
<td><div><pre>java.lang.AssertionError: speedEntryAddToCart_BulkOption_UpdateQty-Failed Index 0 out of bounds for length 0
	at testmethods.QuickOrderPadModuleTest.speedEntryAddToCart_BulkOption_UpdateQty(QuickOrderPadModuleTest.java:474)
	at java.base/java.util.concurrent.ThreadPoolExecutor.runWorker(ThreadPoolExecutor.java:1136)
	at java.base/java.util.concurrent.ThreadPoolExecutor$Worker.run(ThreadPoolExecutor.java:635)
	at java.base/java.lang.Thread.run(Thread.java:833)
... Removed 11 stack frames</pre></div><a href='#' onClick='toggleBox("stack-trace305244773", this, "Click to show all stack frames", "Click to hide stack frames")'>Click to show all stack frames</a>
<div class='stack-trace' id='stack-trace305244773'><pre>java.lang.AssertionError: speedEntryAddToCart_BulkOption_UpdateQty-Failed Index 0 out of bounds for length 0
	at org.testng.Assert.fail(Assert.java:96)
	at testmethods.QuickOrderPadModuleTest.speedEntryAddToCart_BulkOption_UpdateQty(QuickOrderPadModuleTest.java:474)
	at java.base/jdk.internal.reflect.NativeMethodAccessorImpl.invoke0(Native Method)
	at java.base/jdk.internal.reflect.NativeMethodAccessorImpl.invoke(NativeMethodAccessorImpl.java:77)
	at java.base/jdk.internal.reflect.DelegatingMethodAccessorImpl.invoke(DelegatingMethodAccessorImpl.java:43)
	at java.base/java.lang.reflect.Method.invoke(Method.java:568)
	at org.testng.internal.MethodInvocationHelper.invokeMethod(MethodInvocationHelper.java:124)
	at org.testng.internal.Invoker.invokeMethod(Invoker.java:580)
	at org.testng.internal.Invoker.invokeTestMethod(Invoker.java:716)
	at org.testng.internal.Invoker.invokeTestMethods(Invoker.java:988)
	at org.testng.internal.TestMethodWorker.invokeTestMethods(TestMethodWorker.java:125)
	at org.testng.internal.TestMethodWorker.run(TestMethodWorker.java:109)
	at java.base/java.util.concurrent.ThreadPoolExecutor.runWorker(ThreadPoolExecutor.java:1136)
	at java.base/java.util.concurrent.ThreadPoolExecutor$Worker.run(ThreadPoolExecutor.java:635)
	at java.base/java.lang.Thread.run(Thread.java:833)
</pre></div></td>
<td>83</td>
<td>testmethods.QuickOrderPadModuleTest@50cb24ed</td></tr>
<tr>
<td title='testmethods.QuickOrderPadModuleTest.speedEntryAddToCart_Combine()'><b>speedEntryAddToCart_Combine</b><br>Test class: testmethods.QuickOrderPadModuleTest</td>
<td><div><pre>java.lang.AssertionError: speedEntryAddToCart_Combine-Failed Items are not displayed under added to cart section expected [true] but found [false]
	at testmethods.QuickOrderPadModuleTest.speedEntryAddToCart_Combine(QuickOrderPadModuleTest.java:253)
	at java.base/java.util.concurrent.ThreadPoolExecutor.runWorker(ThreadPoolExecutor.java:1136)
	at java.base/java.util.concurrent.ThreadPoolExecutor$Worker.run(ThreadPoolExecutor.java:635)
	at java.base/java.lang.Thread.run(Thread.java:833)
... Removed 11 stack frames</pre></div><a href='#' onClick='toggleBox("stack-trace423621307", this, "Click to show all stack frames", "Click to hide stack frames")'>Click to show all stack frames</a>
<div class='stack-trace' id='stack-trace423621307'><pre>java.lang.AssertionError: speedEntryAddToCart_Combine-Failed Items are not displayed under added to cart section expected [true] but found [false]
	at org.testng.Assert.fail(Assert.java:96)
	at testmethods.QuickOrderPadModuleTest.speedEntryAddToCart_Combine(QuickOrderPadModuleTest.java:253)
	at java.base/jdk.internal.reflect.NativeMethodAccessorImpl.invoke0(Native Method)
	at java.base/jdk.internal.reflect.NativeMethodAccessorImpl.invoke(NativeMethodAccessorImpl.java:77)
	at java.base/jdk.internal.reflect.DelegatingMethodAccessorImpl.invoke(DelegatingMethodAccessorImpl.java:43)
	at java.base/java.lang.reflect.Method.invoke(Method.java:568)
	at org.testng.internal.MethodInvocationHelper.invokeMethod(MethodInvocationHelper.java:124)
	at org.testng.internal.Invoker.invokeMethod(Invoker.java:580)
	at org.testng.internal.Invoker.invokeTestMethod(Invoker.java:716)
	at org.testng.internal.Invoker.invokeTestMethods(Invoker.java:988)
	at org.testng.internal.TestMethodWorker.invokeTestMethods(TestMethodWorker.java:125)
	at org.testng.internal.TestMethodWorker.run(TestMethodWorker.java:109)
	at java.base/java.util.concurrent.ThreadPoolExecutor.runWorker(ThreadPoolExecutor.java:1136)
	at java.base/java.util.concurrent.ThreadPoolExecutor$Worker.run(ThreadPoolExecutor.java:635)
	at java.base/java.lang.Thread.run(Thread.java:833)
</pre></div></td>
<td>53</td>
<td>testmethods.QuickOrderPadModuleTest@50cb24ed</td></tr>
<tr>
<td title='testmethods.QuickOrderPadModuleTest.speedEntryAddToPG_BulkOption_SelectAll()'><b>speedEntryAddToPG_BulkOption_SelectAll</b><br>Test class: testmethods.QuickOrderPadModuleTest</td>
<td><div><pre>org.openqa.selenium.NoSuchElementException: no such element: Unable to locate element: {&quot;method&quot;:&quot;xpath&quot;,&quot;selector&quot;:&quot;//a[contains(text(),&apos;TestGroup1&apos;)]/ancestor::td[@data-th=&apos;Group Name&apos;]/following-sibling::td[@data-th=&apos;Action&apos;]//button[@data-original-title=&apos;Delete Group&apos;]&quot;}
  (Session info: chrome=106.0.5249.119)
For documentation on this error, please visit: http://seleniumhq.org/exceptions/no_such_element.html
Build info: version: &apos;3.14.0&apos;, revision: &apos;aacccce0&apos;, time: &apos;2018-08-02T20:19:58.91Z&apos;
System info: host: &apos;USL-57R6042&apos;, ip: &apos;10.16.0.2&apos;, os.name: &apos;Windows 10&apos;, os.arch: &apos;amd64&apos;, os.version: &apos;10.0&apos;, java.version: &apos;17.0.1&apos;
Driver info: org.openqa.selenium.remote.RemoteWebDriver
Capabilities {acceptInsecureCerts: false, browserName: chrome, browserVersion: 106.0.5249.119, chrome: {chromedriverVersion: 105.0.5195.52 (412c95e51883..., userDataDir: C:\Users\niranjan.ms\AppDat...}, goog:chromeOptions: {debuggerAddress: localhost:50066}, javascriptEnabled: true, networkConnectionEnabled: false, pageLoadStrategy: normal, platform: WINDOWS, platformName: WINDOWS, proxy: Proxy(), setWindowRect: true, strictFileInteractability: false, timeouts: {implicit: 0, pageLoad: 300000, script: 30000}, unhandledPromptBehavior: dismiss and notify, webauthn:extension:credBlob: true, webauthn:extension:largeBlob: true, webauthn:virtualAuthenticators: true, webdriver.remote.sessionid: 9be311b09a11f9b09ea5fd82ce6...}
Session ID: 9be311b09a11f9b09ea5fd82ce62d432
*** Element info: {Using=xpath, value=//a[contains(text(),&apos;TestGroup1&apos;)]/ancestor::td[@data-th=&apos;Group Name&apos;]/following-sibling::td[@data-th=&apos;Action&apos;]//button[@data-original-title=&apos;Delete Group&apos;]}
	at org.openqa.selenium.remote.http.W3CHttpResponseCodec.createException(W3CHttpResponseCodec.java:187)
	at org.openqa.selenium.remote.http.W3CHttpResponseCodec.decode(W3CHttpResponseCodec.java:122)
	at org.openqa.selenium.remote.http.W3CHttpResponseCodec.decode(W3CHttpResponseCodec.java:49)
	at org.openqa.selenium.remote.HttpCommandExecutor.execute(HttpCommandExecutor.java:158)
	at org.openqa.selenium.remote.RemoteWebDriver.execute(RemoteWebDriver.java:548)
	at org.openqa.selenium.remote.RemoteWebDriver.findElement(RemoteWebDriver.java:322)
	at org.openqa.selenium.remote.RemoteWebDriver.findElementByXPath(RemoteWebDriver.java:424)
	at org.openqa.selenium.By$ByXPath.findElement(By.java:353)
	at org.openqa.selenium.remote.RemoteWebDriver.findElement(RemoteWebDriver.java:314)
	at pageobjects.MyProductGroupsPageObjects.deleteProductGroup(MyProductGroupsPageObjects.java:858)
	at testmethods.ProductGroupModuleTest.deleteProductGroup(ProductGroupModuleTest.java:36)
	at testmethods.QuickOrderPadModuleTest.speedEntryAddToPG_BulkOption_SelectAll(QuickOrderPadModuleTest.java:526)
	at java.base/java.util.concurrent.ThreadPoolExecutor.runWorker(ThreadPoolExecutor.java:1136)
	at java.base/java.util.concurrent.ThreadPoolExecutor$Worker.run(ThreadPoolExecutor.java:635)
	at java.base/java.lang.Thread.run(Thread.java:833)
... Removed 15 stack frames</pre></div><a href='#' onClick='toggleBox("stack-trace1342799022", this, "Click to show all stack frames", "Click to hide stack frames")'>Click to show all stack frames</a>
<div class='stack-trace' id='stack-trace1342799022'><pre>org.openqa.selenium.NoSuchElementException: no such element: Unable to locate element: {&quot;method&quot;:&quot;xpath&quot;,&quot;selector&quot;:&quot;//a[contains(text(),&apos;TestGroup1&apos;)]/ancestor::td[@data-th=&apos;Group Name&apos;]/following-sibling::td[@data-th=&apos;Action&apos;]//button[@data-original-title=&apos;Delete Group&apos;]&quot;}
  (Session info: chrome=106.0.5249.119)
For documentation on this error, please visit: http://seleniumhq.org/exceptions/no_such_element.html
Build info: version: &apos;3.14.0&apos;, revision: &apos;aacccce0&apos;, time: &apos;2018-08-02T20:19:58.91Z&apos;
System info: host: &apos;USL-57R6042&apos;, ip: &apos;10.16.0.2&apos;, os.name: &apos;Windows 10&apos;, os.arch: &apos;amd64&apos;, os.version: &apos;10.0&apos;, java.version: &apos;17.0.1&apos;
Driver info: org.openqa.selenium.remote.RemoteWebDriver
Capabilities {acceptInsecureCerts: false, browserName: chrome, browserVersion: 106.0.5249.119, chrome: {chromedriverVersion: 105.0.5195.52 (412c95e51883..., userDataDir: C:\Users\niranjan.ms\AppDat...}, goog:chromeOptions: {debuggerAddress: localhost:50066}, javascriptEnabled: true, networkConnectionEnabled: false, pageLoadStrategy: normal, platform: WINDOWS, platformName: WINDOWS, proxy: Proxy(), setWindowRect: true, strictFileInteractability: false, timeouts: {implicit: 0, pageLoad: 300000, script: 30000}, unhandledPromptBehavior: dismiss and notify, webauthn:extension:credBlob: true, webauthn:extension:largeBlob: true, webauthn:virtualAuthenticators: true, webdriver.remote.sessionid: 9be311b09a11f9b09ea5fd82ce6...}
Session ID: 9be311b09a11f9b09ea5fd82ce62d432
*** Element info: {Using=xpath, value=//a[contains(text(),&apos;TestGroup1&apos;)]/ancestor::td[@data-th=&apos;Group Name&apos;]/following-sibling::td[@data-th=&apos;Action&apos;]//button[@data-original-title=&apos;Delete Group&apos;]}
	at java.base/jdk.internal.reflect.NativeConstructorAccessorImpl.newInstance0(Native Method)
	at java.base/jdk.internal.reflect.NativeConstructorAccessorImpl.newInstance(NativeConstructorAccessorImpl.java:77)
	at java.base/jdk.internal.reflect.DelegatingConstructorAccessorImpl.newInstance(DelegatingConstructorAccessorImpl.java:45)
	at java.base/java.lang.reflect.Constructor.newInstanceWithCaller(Constructor.java:499)
	at java.base/java.lang.reflect.Constructor.newInstance(Constructor.java:480)
	at org.openqa.selenium.remote.http.W3CHttpResponseCodec.createException(W3CHttpResponseCodec.java:187)
	at org.openqa.selenium.remote.http.W3CHttpResponseCodec.decode(W3CHttpResponseCodec.java:122)
	at org.openqa.selenium.remote.http.W3CHttpResponseCodec.decode(W3CHttpResponseCodec.java:49)
	at org.openqa.selenium.remote.HttpCommandExecutor.execute(HttpCommandExecutor.java:158)
	at org.openqa.selenium.remote.RemoteWebDriver.execute(RemoteWebDriver.java:548)
	at org.openqa.selenium.remote.RemoteWebDriver.findElement(RemoteWebDriver.java:322)
	at org.openqa.selenium.remote.RemoteWebDriver.findElementByXPath(RemoteWebDriver.java:424)
	at org.openqa.selenium.By$ByXPath.findElement(By.java:353)
	at org.openqa.selenium.remote.RemoteWebDriver.findElement(RemoteWebDriver.java:314)
	at pageobjects.MyProductGroupsPageObjects.deleteProductGroup(MyProductGroupsPageObjects.java:858)
	at testmethods.ProductGroupModuleTest.deleteProductGroup(ProductGroupModuleTest.java:36)
	at testmethods.QuickOrderPadModuleTest.speedEntryAddToPG_BulkOption_SelectAll(QuickOrderPadModuleTest.java:526)
	at java.base/jdk.internal.reflect.NativeMethodAccessorImpl.invoke0(Native Method)
	at java.base/jdk.internal.reflect.NativeMethodAccessorImpl.invoke(NativeMethodAccessorImpl.java:77)
	at java.base/jdk.internal.reflect.DelegatingMethodAccessorImpl.invoke(DelegatingMethodAccessorImpl.java:43)
	at java.base/java.lang.reflect.Method.invoke(Method.java:568)
	at org.testng.internal.MethodInvocationHelper.invokeMethod(MethodInvocationHelper.java:124)
	at org.testng.internal.Invoker.invokeMethod(Invoker.java:580)
	at org.testng.internal.Invoker.invokeTestMethod(Invoker.java:716)
	at org.testng.internal.Invoker.invokeTestMethods(Invoker.java:988)
	at org.testng.internal.TestMethodWorker.invokeTestMethods(TestMethodWorker.java:125)
	at org.testng.internal.TestMethodWorker.run(TestMethodWorker.java:109)
	at java.base/java.util.concurrent.ThreadPoolExecutor.runWorker(ThreadPoolExecutor.java:1136)
	at java.base/java.util.concurrent.ThreadPoolExecutor$Worker.run(ThreadPoolExecutor.java:635)
	at java.base/java.lang.Thread.run(Thread.java:833)
</pre></div></td>
<td>115</td>
<td>testmethods.QuickOrderPadModuleTest@50cb24ed</td></tr>
<tr>
<td title='testmethods.QuickOrderPadModuleTest.speedEntryAddToPG_BulkOption_SpecificItem()'><b>speedEntryAddToPG_BulkOption_SpecificItem</b><br>Test class: testmethods.QuickOrderPadModuleTest</td>
<td><div><pre>org.openqa.selenium.NoSuchElementException: no such element: Unable to locate element: {&quot;method&quot;:&quot;xpath&quot;,&quot;selector&quot;:&quot;//a[contains(text(),&apos;TestProductGroup101&apos;)]/ancestor::td[@data-th=&apos;Group Name&apos;]/following-sibling::td[@data-th=&apos;Action&apos;]//button[@data-original-title=&apos;Delete Group&apos;]&quot;}
  (Session info: chrome=106.0.5249.119)
For documentation on this error, please visit: http://seleniumhq.org/exceptions/no_such_element.html
Build info: version: &apos;3.14.0&apos;, revision: &apos;aacccce0&apos;, time: &apos;2018-08-02T20:19:58.91Z&apos;
System info: host: &apos;USL-57R6042&apos;, ip: &apos;10.16.0.2&apos;, os.name: &apos;Windows 10&apos;, os.arch: &apos;amd64&apos;, os.version: &apos;10.0&apos;, java.version: &apos;17.0.1&apos;
Driver info: org.openqa.selenium.remote.RemoteWebDriver
Capabilities {acceptInsecureCerts: false, browserName: chrome, browserVersion: 106.0.5249.119, chrome: {chromedriverVersion: 105.0.5195.52 (412c95e51883..., userDataDir: C:\Users\niranjan.ms\AppDat...}, goog:chromeOptions: {debuggerAddress: localhost:50066}, javascriptEnabled: true, networkConnectionEnabled: false, pageLoadStrategy: normal, platform: WINDOWS, platformName: WINDOWS, proxy: Proxy(), setWindowRect: true, strictFileInteractability: false, timeouts: {implicit: 0, pageLoad: 300000, script: 30000}, unhandledPromptBehavior: dismiss and notify, webauthn:extension:credBlob: true, webauthn:extension:largeBlob: true, webauthn:virtualAuthenticators: true, webdriver.remote.sessionid: 9be311b09a11f9b09ea5fd82ce6...}
Session ID: 9be311b09a11f9b09ea5fd82ce62d432
*** Element info: {Using=xpath, value=//a[contains(text(),&apos;TestProductGroup101&apos;)]/ancestor::td[@data-th=&apos;Group Name&apos;]/following-sibling::td[@data-th=&apos;Action&apos;]//button[@data-original-title=&apos;Delete Group&apos;]}
	at org.openqa.selenium.remote.http.W3CHttpResponseCodec.createException(W3CHttpResponseCodec.java:187)
	at org.openqa.selenium.remote.http.W3CHttpResponseCodec.decode(W3CHttpResponseCodec.java:122)
	at org.openqa.selenium.remote.http.W3CHttpResponseCodec.decode(W3CHttpResponseCodec.java:49)
	at org.openqa.selenium.remote.HttpCommandExecutor.execute(HttpCommandExecutor.java:158)
	at org.openqa.selenium.remote.RemoteWebDriver.execute(RemoteWebDriver.java:548)
	at org.openqa.selenium.remote.RemoteWebDriver.findElement(RemoteWebDriver.java:322)
	at org.openqa.selenium.remote.RemoteWebDriver.findElementByXPath(RemoteWebDriver.java:424)
	at org.openqa.selenium.By$ByXPath.findElement(By.java:353)
	at org.openqa.selenium.remote.RemoteWebDriver.findElement(RemoteWebDriver.java:314)
	at pageobjects.MyProductGroupsPageObjects.deleteProductGroup(MyProductGroupsPageObjects.java:858)
	at testmethods.ProductGroupModuleTest.deleteProductGroup(ProductGroupModuleTest.java:36)
	at testmethods.QuickOrderPadModuleTest.speedEntryAddToPG_BulkOption_SpecificItem(QuickOrderPadModuleTest.java:615)
	at java.base/java.util.concurrent.ThreadPoolExecutor.runWorker(ThreadPoolExecutor.java:1136)
	at java.base/java.util.concurrent.ThreadPoolExecutor$Worker.run(ThreadPoolExecutor.java:635)
	at java.base/java.lang.Thread.run(Thread.java:833)
... Removed 15 stack frames</pre></div><a href='#' onClick='toggleBox("stack-trace1823295931", this, "Click to show all stack frames", "Click to hide stack frames")'>Click to show all stack frames</a>
<div class='stack-trace' id='stack-trace1823295931'><pre>org.openqa.selenium.NoSuchElementException: no such element: Unable to locate element: {&quot;method&quot;:&quot;xpath&quot;,&quot;selector&quot;:&quot;//a[contains(text(),&apos;TestProductGroup101&apos;)]/ancestor::td[@data-th=&apos;Group Name&apos;]/following-sibling::td[@data-th=&apos;Action&apos;]//button[@data-original-title=&apos;Delete Group&apos;]&quot;}
  (Session info: chrome=106.0.5249.119)
For documentation on this error, please visit: http://seleniumhq.org/exceptions/no_such_element.html
Build info: version: &apos;3.14.0&apos;, revision: &apos;aacccce0&apos;, time: &apos;2018-08-02T20:19:58.91Z&apos;
System info: host: &apos;USL-57R6042&apos;, ip: &apos;10.16.0.2&apos;, os.name: &apos;Windows 10&apos;, os.arch: &apos;amd64&apos;, os.version: &apos;10.0&apos;, java.version: &apos;17.0.1&apos;
Driver info: org.openqa.selenium.remote.RemoteWebDriver
Capabilities {acceptInsecureCerts: false, browserName: chrome, browserVersion: 106.0.5249.119, chrome: {chromedriverVersion: 105.0.5195.52 (412c95e51883..., userDataDir: C:\Users\niranjan.ms\AppDat...}, goog:chromeOptions: {debuggerAddress: localhost:50066}, javascriptEnabled: true, networkConnectionEnabled: false, pageLoadStrategy: normal, platform: WINDOWS, platformName: WINDOWS, proxy: Proxy(), setWindowRect: true, strictFileInteractability: false, timeouts: {implicit: 0, pageLoad: 300000, script: 30000}, unhandledPromptBehavior: dismiss and notify, webauthn:extension:credBlob: true, webauthn:extension:largeBlob: true, webauthn:virtualAuthenticators: true, webdriver.remote.sessionid: 9be311b09a11f9b09ea5fd82ce6...}
Session ID: 9be311b09a11f9b09ea5fd82ce62d432
*** Element info: {Using=xpath, value=//a[contains(text(),&apos;TestProductGroup101&apos;)]/ancestor::td[@data-th=&apos;Group Name&apos;]/following-sibling::td[@data-th=&apos;Action&apos;]//button[@data-original-title=&apos;Delete Group&apos;]}
	at java.base/jdk.internal.reflect.NativeConstructorAccessorImpl.newInstance0(Native Method)
	at java.base/jdk.internal.reflect.NativeConstructorAccessorImpl.newInstance(NativeConstructorAccessorImpl.java:77)
	at java.base/jdk.internal.reflect.DelegatingConstructorAccessorImpl.newInstance(DelegatingConstructorAccessorImpl.java:45)
	at java.base/java.lang.reflect.Constructor.newInstanceWithCaller(Constructor.java:499)
	at java.base/java.lang.reflect.Constructor.newInstance(Constructor.java:480)
	at org.openqa.selenium.remote.http.W3CHttpResponseCodec.createException(W3CHttpResponseCodec.java:187)
	at org.openqa.selenium.remote.http.W3CHttpResponseCodec.decode(W3CHttpResponseCodec.java:122)
	at org.openqa.selenium.remote.http.W3CHttpResponseCodec.decode(W3CHttpResponseCodec.java:49)
	at org.openqa.selenium.remote.HttpCommandExecutor.execute(HttpCommandExecutor.java:158)
	at org.openqa.selenium.remote.RemoteWebDriver.execute(RemoteWebDriver.java:548)
	at org.openqa.selenium.remote.RemoteWebDriver.findElement(RemoteWebDriver.java:322)
	at org.openqa.selenium.remote.RemoteWebDriver.findElementByXPath(RemoteWebDriver.java:424)
	at org.openqa.selenium.By$ByXPath.findElement(By.java:353)
	at org.openqa.selenium.remote.RemoteWebDriver.findElement(RemoteWebDriver.java:314)
	at pageobjects.MyProductGroupsPageObjects.deleteProductGroup(MyProductGroupsPageObjects.java:858)
	at testmethods.ProductGroupModuleTest.deleteProductGroup(ProductGroupModuleTest.java:36)
	at testmethods.QuickOrderPadModuleTest.speedEntryAddToPG_BulkOption_SpecificItem(QuickOrderPadModuleTest.java:615)
	at java.base/jdk.internal.reflect.NativeMethodAccessorImpl.invoke0(Native Method)
	at java.base/jdk.internal.reflect.NativeMethodAccessorImpl.invoke(NativeMethodAccessorImpl.java:77)
	at java.base/jdk.internal.reflect.DelegatingMethodAccessorImpl.invoke(DelegatingMethodAccessorImpl.java:43)
	at java.base/java.lang.reflect.Method.invoke(Method.java:568)
	at org.testng.internal.MethodInvocationHelper.invokeMethod(MethodInvocationHelper.java:124)
	at org.testng.internal.Invoker.invokeMethod(Invoker.java:580)
	at org.testng.internal.Invoker.invokeTestMethod(Invoker.java:716)
	at org.testng.internal.Invoker.invokeTestMethods(Invoker.java:988)
	at org.testng.internal.TestMethodWorker.invokeTestMethods(TestMethodWorker.java:125)
	at org.testng.internal.TestMethodWorker.run(TestMethodWorker.java:109)
	at java.base/java.util.concurrent.ThreadPoolExecutor.runWorker(ThreadPoolExecutor.java:1136)
	at java.base/java.util.concurrent.ThreadPoolExecutor$Worker.run(ThreadPoolExecutor.java:635)
	at java.base/java.lang.Thread.run(Thread.java:833)
</pre></div></td>
<td>97</td>
<td>testmethods.QuickOrderPadModuleTest@50cb24ed</td></tr>
<tr>
<td title='testmethods.QuickOrderPadModuleTest.speedEntryAddToPG_BulkOption_UpdateQty()'><b>speedEntryAddToPG_BulkOption_UpdateQty</b><br>Test class: testmethods.QuickOrderPadModuleTest</td>
<td><div><pre>org.openqa.selenium.NoSuchElementException: no such element: Unable to locate element: {&quot;method&quot;:&quot;xpath&quot;,&quot;selector&quot;:&quot;//a[contains(text(),&apos;TestAutomation2&apos;)]/ancestor::td[@data-th=&apos;Group Name&apos;]/following-sibling::td[@data-th=&apos;Action&apos;]//button[@data-original-title=&apos;Delete Group&apos;]&quot;}
  (Session info: chrome=106.0.5249.119)
For documentation on this error, please visit: http://seleniumhq.org/exceptions/no_such_element.html
Build info: version: &apos;3.14.0&apos;, revision: &apos;aacccce0&apos;, time: &apos;2018-08-02T20:19:58.91Z&apos;
System info: host: &apos;USL-57R6042&apos;, ip: &apos;10.16.0.2&apos;, os.name: &apos;Windows 10&apos;, os.arch: &apos;amd64&apos;, os.version: &apos;10.0&apos;, java.version: &apos;17.0.1&apos;
Driver info: org.openqa.selenium.remote.RemoteWebDriver
Capabilities {acceptInsecureCerts: false, browserName: chrome, browserVersion: 106.0.5249.119, chrome: {chromedriverVersion: 105.0.5195.52 (412c95e51883..., userDataDir: C:\Users\niranjan.ms\AppDat...}, goog:chromeOptions: {debuggerAddress: localhost:50066}, javascriptEnabled: true, networkConnectionEnabled: false, pageLoadStrategy: normal, platform: WINDOWS, platformName: WINDOWS, proxy: Proxy(), setWindowRect: true, strictFileInteractability: false, timeouts: {implicit: 0, pageLoad: 300000, script: 30000}, unhandledPromptBehavior: dismiss and notify, webauthn:extension:credBlob: true, webauthn:extension:largeBlob: true, webauthn:virtualAuthenticators: true, webdriver.remote.sessionid: 9be311b09a11f9b09ea5fd82ce6...}
Session ID: 9be311b09a11f9b09ea5fd82ce62d432
*** Element info: {Using=xpath, value=//a[contains(text(),&apos;TestAutomation2&apos;)]/ancestor::td[@data-th=&apos;Group Name&apos;]/following-sibling::td[@data-th=&apos;Action&apos;]//button[@data-original-title=&apos;Delete Group&apos;]}
	at org.openqa.selenium.remote.http.W3CHttpResponseCodec.createException(W3CHttpResponseCodec.java:187)
	at org.openqa.selenium.remote.http.W3CHttpResponseCodec.decode(W3CHttpResponseCodec.java:122)
	at org.openqa.selenium.remote.http.W3CHttpResponseCodec.decode(W3CHttpResponseCodec.java:49)
	at org.openqa.selenium.remote.HttpCommandExecutor.execute(HttpCommandExecutor.java:158)
	at org.openqa.selenium.remote.RemoteWebDriver.execute(RemoteWebDriver.java:548)
	at org.openqa.selenium.remote.RemoteWebDriver.findElement(RemoteWebDriver.java:322)
	at org.openqa.selenium.remote.RemoteWebDriver.findElementByXPath(RemoteWebDriver.java:424)
	at org.openqa.selenium.By$ByXPath.findElement(By.java:353)
	at org.openqa.selenium.remote.RemoteWebDriver.findElement(RemoteWebDriver.java:314)
	at pageobjects.MyProductGroupsPageObjects.deleteProductGroup(MyProductGroupsPageObjects.java:858)
	at testmethods.ProductGroupModuleTest.deleteProductGroup(ProductGroupModuleTest.java:36)
	at testmethods.QuickOrderPadModuleTest.speedEntryAddToPG_BulkOption_UpdateQty(QuickOrderPadModuleTest.java:667)
	at java.base/java.util.concurrent.ThreadPoolExecutor.runWorker(ThreadPoolExecutor.java:1136)
	at java.base/java.util.concurrent.ThreadPoolExecutor$Worker.run(ThreadPoolExecutor.java:635)
	at java.base/java.lang.Thread.run(Thread.java:833)
... Removed 15 stack frames</pre></div><a href='#' onClick='toggleBox("stack-trace1377686484", this, "Click to show all stack frames", "Click to hide stack frames")'>Click to show all stack frames</a>
<div class='stack-trace' id='stack-trace1377686484'><pre>org.openqa.selenium.NoSuchElementException: no such element: Unable to locate element: {&quot;method&quot;:&quot;xpath&quot;,&quot;selector&quot;:&quot;//a[contains(text(),&apos;TestAutomation2&apos;)]/ancestor::td[@data-th=&apos;Group Name&apos;]/following-sibling::td[@data-th=&apos;Action&apos;]//button[@data-original-title=&apos;Delete Group&apos;]&quot;}
  (Session info: chrome=106.0.5249.119)
For documentation on this error, please visit: http://seleniumhq.org/exceptions/no_such_element.html
Build info: version: &apos;3.14.0&apos;, revision: &apos;aacccce0&apos;, time: &apos;2018-08-02T20:19:58.91Z&apos;
System info: host: &apos;USL-57R6042&apos;, ip: &apos;10.16.0.2&apos;, os.name: &apos;Windows 10&apos;, os.arch: &apos;amd64&apos;, os.version: &apos;10.0&apos;, java.version: &apos;17.0.1&apos;
Driver info: org.openqa.selenium.remote.RemoteWebDriver
Capabilities {acceptInsecureCerts: false, browserName: chrome, browserVersion: 106.0.5249.119, chrome: {chromedriverVersion: 105.0.5195.52 (412c95e51883..., userDataDir: C:\Users\niranjan.ms\AppDat...}, goog:chromeOptions: {debuggerAddress: localhost:50066}, javascriptEnabled: true, networkConnectionEnabled: false, pageLoadStrategy: normal, platform: WINDOWS, platformName: WINDOWS, proxy: Proxy(), setWindowRect: true, strictFileInteractability: false, timeouts: {implicit: 0, pageLoad: 300000, script: 30000}, unhandledPromptBehavior: dismiss and notify, webauthn:extension:credBlob: true, webauthn:extension:largeBlob: true, webauthn:virtualAuthenticators: true, webdriver.remote.sessionid: 9be311b09a11f9b09ea5fd82ce6...}
Session ID: 9be311b09a11f9b09ea5fd82ce62d432
*** Element info: {Using=xpath, value=//a[contains(text(),&apos;TestAutomation2&apos;)]/ancestor::td[@data-th=&apos;Group Name&apos;]/following-sibling::td[@data-th=&apos;Action&apos;]//button[@data-original-title=&apos;Delete Group&apos;]}
	at java.base/jdk.internal.reflect.NativeConstructorAccessorImpl.newInstance0(Native Method)
	at java.base/jdk.internal.reflect.NativeConstructorAccessorImpl.newInstance(NativeConstructorAccessorImpl.java:77)
	at java.base/jdk.internal.reflect.DelegatingConstructorAccessorImpl.newInstance(DelegatingConstructorAccessorImpl.java:45)
	at java.base/java.lang.reflect.Constructor.newInstanceWithCaller(Constructor.java:499)
	at java.base/java.lang.reflect.Constructor.newInstance(Constructor.java:480)
	at org.openqa.selenium.remote.http.W3CHttpResponseCodec.createException(W3CHttpResponseCodec.java:187)
	at org.openqa.selenium.remote.http.W3CHttpResponseCodec.decode(W3CHttpResponseCodec.java:122)
	at org.openqa.selenium.remote.http.W3CHttpResponseCodec.decode(W3CHttpResponseCodec.java:49)
	at org.openqa.selenium.remote.HttpCommandExecutor.execute(HttpCommandExecutor.java:158)
	at org.openqa.selenium.remote.RemoteWebDriver.execute(RemoteWebDriver.java:548)
	at org.openqa.selenium.remote.RemoteWebDriver.findElement(RemoteWebDriver.java:322)
	at org.openqa.selenium.remote.RemoteWebDriver.findElementByXPath(RemoteWebDriver.java:424)
	at org.openqa.selenium.By$ByXPath.findElement(By.java:353)
	at org.openqa.selenium.remote.RemoteWebDriver.findElement(RemoteWebDriver.java:314)
	at pageobjects.MyProductGroupsPageObjects.deleteProductGroup(MyProductGroupsPageObjects.java:858)
	at testmethods.ProductGroupModuleTest.deleteProductGroup(ProductGroupModuleTest.java:36)
	at testmethods.QuickOrderPadModuleTest.speedEntryAddToPG_BulkOption_UpdateQty(QuickOrderPadModuleTest.java:667)
	at java.base/jdk.internal.reflect.NativeMethodAccessorImpl.invoke0(Native Method)
	at java.base/jdk.internal.reflect.NativeMethodAccessorImpl.invoke(NativeMethodAccessorImpl.java:77)
	at java.base/jdk.internal.reflect.DelegatingMethodAccessorImpl.invoke(DelegatingMethodAccessorImpl.java:43)
	at java.base/java.lang.reflect.Method.invoke(Method.java:568)
	at org.testng.internal.MethodInvocationHelper.invokeMethod(MethodInvocationHelper.java:124)
	at org.testng.internal.Invoker.invokeMethod(Invoker.java:580)
	at org.testng.internal.Invoker.invokeTestMethod(Invoker.java:716)
	at org.testng.internal.Invoker.invokeTestMethods(Invoker.java:988)
	at org.testng.internal.TestMethodWorker.invokeTestMethods(TestMethodWorker.java:125)
	at org.testng.internal.TestMethodWorker.run(TestMethodWorker.java:109)
	at java.base/java.util.concurrent.ThreadPoolExecutor.runWorker(ThreadPoolExecutor.java:1136)
	at java.base/java.util.concurrent.ThreadPoolExecutor$Worker.run(ThreadPoolExecutor.java:635)
	at java.base/java.lang.Thread.run(Thread.java:833)
</pre></div></td>
<td>97</td>
<td>testmethods.QuickOrderPadModuleTest@50cb24ed</td></tr>
<tr>
<td title='testmethods.QuickOrderPadModuleTest.verifyFileUploadAddToCart_Seperate()'><b>verifyFileUploadAddToCart_Seperate</b><br>Test class: testmethods.QuickOrderPadModuleTest</td>
<td><div><pre>java.lang.AssertionError: verifyFileUploadAddToCart_Seperate-Failed Expected condition failed: waiting for visibility of Proxy element for: DefaultElementLocator &apos;By.xpath: //a[contains(@href,&apos;itemsInCart&apos;)]&apos; (tried for 20 second(s) with 500 milliseconds interval)
	at testmethods.QuickOrderPadModuleTest.verifyFileUploadAddToCart_Seperate(QuickOrderPadModuleTest.java:1081)
	at java.base/java.util.concurrent.ThreadPoolExecutor.runWorker(ThreadPoolExecutor.java:1136)
	at java.base/java.util.concurrent.ThreadPoolExecutor$Worker.run(ThreadPoolExecutor.java:635)
	at java.base/java.lang.Thread.run(Thread.java:833)
... Removed 11 stack frames</pre></div><a href='#' onClick='toggleBox("stack-trace430300418", this, "Click to show all stack frames", "Click to hide stack frames")'>Click to show all stack frames</a>
<div class='stack-trace' id='stack-trace430300418'><pre>java.lang.AssertionError: verifyFileUploadAddToCart_Seperate-Failed Expected condition failed: waiting for visibility of Proxy element for: DefaultElementLocator &apos;By.xpath: //a[contains(@href,&apos;itemsInCart&apos;)]&apos; (tried for 20 second(s) with 500 milliseconds interval)
	at org.testng.Assert.fail(Assert.java:96)
	at testmethods.QuickOrderPadModuleTest.verifyFileUploadAddToCart_Seperate(QuickOrderPadModuleTest.java:1081)
	at java.base/jdk.internal.reflect.NativeMethodAccessorImpl.invoke0(Native Method)
	at java.base/jdk.internal.reflect.NativeMethodAccessorImpl.invoke(NativeMethodAccessorImpl.java:77)
	at java.base/jdk.internal.reflect.DelegatingMethodAccessorImpl.invoke(DelegatingMethodAccessorImpl.java:43)
	at java.base/java.lang.reflect.Method.invoke(Method.java:568)
	at org.testng.internal.MethodInvocationHelper.invokeMethod(MethodInvocationHelper.java:124)
	at org.testng.internal.Invoker.invokeMethod(Invoker.java:580)
	at org.testng.internal.Invoker.invokeTestMethod(Invoker.java:716)
	at org.testng.internal.Invoker.invokeTestMethods(Invoker.java:988)
	at org.testng.internal.TestMethodWorker.invokeTestMethods(TestMethodWorker.java:125)
	at org.testng.internal.TestMethodWorker.run(TestMethodWorker.java:109)
	at java.base/java.util.concurrent.ThreadPoolExecutor.runWorker(ThreadPoolExecutor.java:1136)
	at java.base/java.util.concurrent.ThreadPoolExecutor$Worker.run(ThreadPoolExecutor.java:635)
	at java.base/java.lang.Thread.run(Thread.java:833)
</pre></div></td>
<td>61</td>
<td>testmethods.QuickOrderPadModuleTest@50cb24ed</td></tr>
</table><p>
<table width='100%' border='1' class='invocation-passed'>
<tr><td colspan='4' align='center'><b>PASSED TESTS</b></td></tr>
<tr><td><b>Test method</b></td>
<td width="30%"><b>Exception</b></td>
<td width="10%"><b>Time (seconds)</b></td>
<td><b>Instance</b></td>
</tr>
<tr>
<td title='testmethods.QuickOrderPadModuleTest.copyPasteAddToCart()'><b>copyPasteAddToCart</b><br>Test class: testmethods.QuickOrderPadModuleTest</td>
<td></td>
<td>133</td>
<td>testmethods.QuickOrderPadModuleTest@50cb24ed</td></tr>
<tr>
<td title='testmethods.QuickOrderPadModuleTest.copyPasteAddToCart_Combine()'><b>copyPasteAddToCart_Combine</b><br>Test class: testmethods.QuickOrderPadModuleTest</td>
<td></td>
<td>58</td>
<td>testmethods.QuickOrderPadModuleTest@50cb24ed</td></tr>
<tr>
<td title='testmethods.QuickOrderPadModuleTest.copyPasteAddToCart_MoreThan40Rows()'><b>copyPasteAddToCart_MoreThan40Rows</b><br>Test class: testmethods.QuickOrderPadModuleTest</td>
<td></td>
<td>53</td>
<td>testmethods.QuickOrderPadModuleTest@50cb24ed</td></tr>
<tr>
<td title='testmethods.QuickOrderPadModuleTest.copyPasteAddToCart_Remove()'><b>copyPasteAddToCart_Remove</b><br>Test class: testmethods.QuickOrderPadModuleTest</td>
<td></td>
<td>122</td>
<td>testmethods.QuickOrderPadModuleTest@50cb24ed</td></tr>
<tr>
<td title='testmethods.QuickOrderPadModuleTest.copyPasteAddToCart_Seperate()'><b>copyPasteAddToCart_Seperate</b><br>Test class: testmethods.QuickOrderPadModuleTest</td>
<td></td>
<td>132</td>
<td>testmethods.QuickOrderPadModuleTest@50cb24ed</td></tr>
<tr>
<td title='testmethods.QuickOrderPadModuleTest.speedEntryAddToCart()'><b>speedEntryAddToCart</b><br>Test class: testmethods.QuickOrderPadModuleTest</td>
<td></td>
<td>59</td>
<td>testmethods.QuickOrderPadModuleTest@50cb24ed</td></tr>
<tr>
<td title='testmethods.QuickOrderPadModuleTest.speedEntryAddToCart_InvalidQty()'><b>speedEntryAddToCart_InvalidQty</b><br>Test class: testmethods.QuickOrderPadModuleTest</td>
<td></td>
<td>24</td>
<td>testmethods.QuickOrderPadModuleTest@50cb24ed</td></tr>
<tr>
<td title='testmethods.QuickOrderPadModuleTest.speedEntryAddToCart_Remove()'><b>speedEntryAddToCart_Remove</b><br>Test class: testmethods.QuickOrderPadModuleTest</td>
<td></td>
<td>124</td>
<td>testmethods.QuickOrderPadModuleTest@50cb24ed</td></tr>
<tr>
<td title='testmethods.QuickOrderPadModuleTest.speedEntryAddToCart_SearchText()'><b>speedEntryAddToCart_SearchText</b><br>Test class: testmethods.QuickOrderPadModuleTest</td>
<td></td>
<td>34</td>
<td>testmethods.QuickOrderPadModuleTest@50cb24ed</td></tr>
<tr>
<td title='testmethods.QuickOrderPadModuleTest.speedEntryAddToCart_Seperate()'><b>speedEntryAddToCart_Seperate</b><br>Test class: testmethods.QuickOrderPadModuleTest</td>
<td></td>
<td>74</td>
<td>testmethods.QuickOrderPadModuleTest@50cb24ed</td></tr>
<tr>
<td title='testmethods.QuickOrderPadModuleTest.speedEntryAddToCart_UndoRedo()'><b>speedEntryAddToCart_UndoRedo</b><br>Test class: testmethods.QuickOrderPadModuleTest</td>
<td></td>
<td>47</td>
<td>testmethods.QuickOrderPadModuleTest@50cb24ed</td></tr>
<tr>
<td title='testmethods.QuickOrderPadModuleTest.verifyCopyPasteTab()'><b>verifyCopyPasteTab</b><br>Test class: testmethods.QuickOrderPadModuleTest</td>
<td></td>
<td>13</td>
<td>testmethods.QuickOrderPadModuleTest@50cb24ed</td></tr>
<tr>
<td title='testmethods.QuickOrderPadModuleTest.verifyCopyPasteTab_AlertMsgBlankText()'><b>verifyCopyPasteTab_AlertMsgBlankText</b><br>Test class: testmethods.QuickOrderPadModuleTest</td>
<td></td>
<td>25</td>
<td>testmethods.QuickOrderPadModuleTest@50cb24ed</td></tr>
<tr>
<td title='testmethods.QuickOrderPadModuleTest.verifyFileUploadAddToCart()'><b>verifyFileUploadAddToCart</b><br>Test class: testmethods.QuickOrderPadModuleTest</td>
<td></td>
<td>56</td>
<td>testmethods.QuickOrderPadModuleTest@50cb24ed</td></tr>
<tr>
<td title='testmethods.QuickOrderPadModuleTest.verifyFileUploadAddToCart_Combine()'><b>verifyFileUploadAddToCart_Combine</b><br>Test class: testmethods.QuickOrderPadModuleTest</td>
<td></td>
<td>56</td>
<td>testmethods.QuickOrderPadModuleTest@50cb24ed</td></tr>
<tr>
<td title='testmethods.QuickOrderPadModuleTest.verifyFileUploadAddToCart_MoreThan40Rows()'><b>verifyFileUploadAddToCart_MoreThan40Rows</b><br>Test class: testmethods.QuickOrderPadModuleTest</td>
<td></td>
<td>22</td>
<td>testmethods.QuickOrderPadModuleTest@50cb24ed</td></tr>
<tr>
<td title='testmethods.QuickOrderPadModuleTest.verifyFileUploadAddToCart_Remove()'><b>verifyFileUploadAddToCart_Remove</b><br>Test class: testmethods.QuickOrderPadModuleTest</td>
<td></td>
<td>51</td>
<td>testmethods.QuickOrderPadModuleTest@50cb24ed</td></tr>
<tr>
<td title='testmethods.QuickOrderPadModuleTest.verifyFileUploadTab()'><b>verifyFileUploadTab</b><br>Test class: testmethods.QuickOrderPadModuleTest</td>
<td></td>
<td>12</td>
<td>testmethods.QuickOrderPadModuleTest@50cb24ed</td></tr>
<tr>
<td title='testmethods.QuickOrderPadModuleTest.verifyQuickOrderLandingPage()'><b>verifyQuickOrderLandingPage</b><br>Test class: testmethods.QuickOrderPadModuleTest<br>Parameters: org.testng.TestRunner@7490a00</td>
<td></td>
<td>25</td>
<td>testmethods.QuickOrderPadModuleTest@50cb24ed</td></tr>
</table><p>
</body>
</html>